running egg_info
creating ../../build/CannyRealTime/CannyRealTime.egg-info
writing ../../build/CannyRealTime/CannyRealTime.egg-info/PKG-INFO
writing dependency_links to ../../build/CannyRealTime/CannyRealTime.egg-info/dependency_links.txt
writing entry points to ../../build/CannyRealTime/CannyRealTime.egg-info/entry_points.txt
writing requirements to ../../build/CannyRealTime/CannyRealTime.egg-info/requires.txt
writing top-level names to ../../build/CannyRealTime/CannyRealTime.egg-info/top_level.txt
writing manifest file '../../build/CannyRealTime/CannyRealTime.egg-info/SOURCES.txt'
reading manifest file '../../build/CannyRealTime/CannyRealTime.egg-info/SOURCES.txt'
writing manifest file '../../build/CannyRealTime/CannyRealTime.egg-info/SOURCES.txt'
running build
running build_py
creating /home/cch/ros_homework/build/CannyRealTime/build
creating /home/cch/ros_homework/build/CannyRealTime/build/lib
creating /home/cch/ros_homework/build/CannyRealTime/build/lib/CannyRealTime
copying CannyRealTime/fsm.py -> /home/cch/ros_homework/build/CannyRealTime/build/lib/CannyRealTime
copying CannyRealTime/camera.py -> /home/cch/ros_homework/build/CannyRealTime/build/lib/CannyRealTime
copying CannyRealTime/__init__.py -> /home/cch/ros_homework/build/CannyRealTime/build/lib/CannyRealTime
running install
/usr/lib/python3/dist-packages/setuptools/command/install.py:34: SetuptoolsDeprecationWarning: setup.py install is deprecated. Use build and pip and other standards-based tools.
  warnings.warn(
running install_lib
creating /home/cch/ros_homework/install/CannyRealTime/lib/python3.10/site-packages/CannyRealTime
copying /home/cch/ros_homework/build/CannyRealTime/build/lib/CannyRealTime/fsm.py -> /home/cch/ros_homework/install/CannyRealTime/lib/python3.10/site-packages/CannyRealTime
copying /home/cch/ros_homework/build/CannyRealTime/build/lib/CannyRealTime/camera.py -> /home/cch/ros_homework/install/CannyRealTime/lib/python3.10/site-packages/CannyRealTime
copying /home/cch/ros_homework/build/CannyRealTime/build/lib/CannyRealTime/__init__.py -> /home/cch/ros_homework/install/CannyRealTime/lib/python3.10/site-packages/CannyRealTime
byte-compiling /home/cch/ros_homework/install/CannyRealTime/lib/python3.10/site-packages/CannyRealTime/fsm.py to fsm.cpython-310.pyc
byte-compiling /home/cch/ros_homework/install/CannyRealTime/lib/python3.10/site-packages/CannyRealTime/camera.py to camera.cpython-310.pyc
byte-compiling /home/cch/ros_homework/install/CannyRealTime/lib/python3.10/site-packages/CannyRealTime/__init__.py to __init__.cpython-310.pyc
running install_data
creating /home/cch/ros_homework/install/CannyRealTime/share/ament_index
creating /home/cch/ros_homework/install/CannyRealTime/share/ament_index/resource_index
creating /home/cch/ros_homework/install/CannyRealTime/share/ament_index/resource_index/packages
copying resource/CannyRealTime -> /home/cch/ros_homework/install/CannyRealTime/share/ament_index/resource_index/packages
copying package.xml -> /home/cch/ros_homework/install/CannyRealTime/share/CannyRealTime
running install_egg_info
Copying ../../build/CannyRealTime/CannyRealTime.egg-info to /home/cch/ros_homework/install/CannyRealTime/lib/python3.10/site-packages/CannyRealTime-0.0.0-py3.10.egg-info
running install_scripts
Installing camera script to /home/cch/ros_homework/install/CannyRealTime/lib/CannyRealTime
Installing fsm script to /home/cch/ros_homework/install/CannyRealTime/lib/CannyRealTime
writing list of installed files to '/home/cch/ros_homework/build/CannyRealTime/install.log'
