[0.498s] Invoking command in '/home/cch/ros_homework/src/CannyRealTime': CONDA_PROMPT_MODIFIER=(base) PYTHONPATH=/home/cch/ros_homework/build/CannyRealTime/prefix_override:/home/cch/ros_homework/install/CannyRealTime/lib/python3.10/site-packages:${PYTHONPATH} /usr/bin/python3 setup.py egg_info --egg-base ../../build/CannyRealTime build --build-base /home/cch/ros_homework/build/CannyRealTime/build install --record /home/cch/ros_homework/build/CannyRealTime/install.log --single-version-externally-managed
[0.619s] running egg_info
[0.619s] writing ../../build/CannyRealTime/CannyRealTime.egg-info/PKG-INFO
[0.620s] writing dependency_links to ../../build/CannyRealTime/CannyRealTime.egg-info/dependency_links.txt
[0.620s] writing entry points to ../../build/CannyRealTime/CannyRealTime.egg-info/entry_points.txt
[0.620s] writing requirements to ../../build/CannyRealTime/CannyRealTime.egg-info/requires.txt
[0.620s] writing top-level names to ../../build/CannyRealTime/CannyRealTime.egg-info/top_level.txt
[0.621s] reading manifest file '../../build/CannyRealTime/CannyRealTime.egg-info/SOURCES.txt'
[0.621s] writing manifest file '../../build/CannyRealTime/CannyRealTime.egg-info/SOURCES.txt'
[0.622s] running build
[0.622s] running build_py
[0.622s] copying CannyRealTime/fsm.py -> /home/cch/ros_homework/build/CannyRealTime/build/lib/CannyRealTime
[0.622s] /usr/lib/python3/dist-packages/setuptools/command/install.py:34: SetuptoolsDeprecationWarning: setup.py install is deprecated. Use build and pip and other standards-based tools.
[0.622s]   warnings.warn(
[0.622s] running install
[0.622s] running install_lib
[0.623s] copying /home/cch/ros_homework/build/CannyRealTime/build/lib/CannyRealTime/fsm.py -> /home/cch/ros_homework/install/CannyRealTime/lib/python3.10/site-packages/CannyRealTime
[0.623s] byte-compiling /home/cch/ros_homework/install/CannyRealTime/lib/python3.10/site-packages/CannyRealTime/fsm.py to fsm.cpython-310.pyc
[0.623s] running install_data
[0.624s] running install_egg_info
[0.624s] removing '/home/cch/ros_homework/install/CannyRealTime/lib/python3.10/site-packages/CannyRealTime-0.0.0-py3.10.egg-info' (and everything under it)
[0.625s] Copying ../../build/CannyRealTime/CannyRealTime.egg-info to /home/cch/ros_homework/install/CannyRealTime/lib/python3.10/site-packages/CannyRealTime-0.0.0-py3.10.egg-info
[0.625s] running install_scripts
[0.638s] Installing camera script to /home/cch/ros_homework/install/CannyRealTime/lib/CannyRealTime
[0.638s] Installing fsm script to /home/cch/ros_homework/install/CannyRealTime/lib/CannyRealTime
[0.638s] writing list of installed files to '/home/cch/ros_homework/build/CannyRealTime/install.log'
[0.651s] Invoked command in '/home/cch/ros_homework/src/CannyRealTime' returned '0': CONDA_PROMPT_MODIFIER=(base) PYTHONPATH=/home/cch/ros_homework/build/CannyRealTime/prefix_override:/home/cch/ros_homework/install/CannyRealTime/lib/python3.10/site-packages:${PYTHONPATH} /usr/bin/python3 setup.py egg_info --egg-base ../../build/CannyRealTime build --build-base /home/cch/ros_homework/build/CannyRealTime/build install --record /home/cch/ros_homework/build/CannyRealTime/install.log --single-version-externally-managed
