[0.030s] Invoking command in '/home/cch/ros_homework/build/image_msg': CMAKE_PREFIX_PATH=/opt/ros/humble /usr/bin/cmake --build /home/cch/ros_homework/build/image_msg -- -j20 -l20
[0.066s] [  3%] Built target image_msg__cpp
[0.070s] [ 12%] Built target image_msg__rosidl_generator_c
[0.073s] [ 12%] Built target ament_cmake_python_copy_image_msg
[0.082s] [ 32%] Built target image_msg__rosidl_typesupport_introspection_c
[0.082s] [ 41%] Built target image_msg__rosidl_typesupport_introspection_cpp
[0.082s] [ 41%] Built target image_msg__rosidl_typesupport_cpp
[0.082s] [ 51%] Built target image_msg__rosidl_typesupport_fastrtps_cpp
[0.083s] [ 61%] Built target image_msg__rosidl_typesupport_c
[0.083s] [ 70%] Built target image_msg__rosidl_typesupport_fastrtps_c
[0.092s] [ 70%] Built target image_msg
[0.101s] [ 74%] Built target image_msg__py
[0.114s] [ 80%] Built target image_msg__rosidl_generator_py
[0.126s] [ 87%] Built target image_msg__rosidl_typesupport_introspection_c__pyext
[0.126s] [ 93%] Built target image_msg__rosidl_typesupport_fastrtps_c__pyext
[0.126s] [100%] Built target image_msg__rosidl_typesupport_c__pyext
[0.202s] running egg_info
[0.203s] writing image_msg.egg-info/PKG-INFO
[0.203s] writing dependency_links to image_msg.egg-info/dependency_links.txt
[0.203s] writing top-level names to image_msg.egg-info/top_level.txt
[0.205s] reading manifest file 'image_msg.egg-info/SOURCES.txt'
[0.205s] writing manifest file 'image_msg.egg-info/SOURCES.txt'
[0.221s] [100%] Built target ament_cmake_python_build_image_msg_egg
[0.226s] Invoked command in '/home/cch/ros_homework/build/image_msg' returned '0': CMAKE_PREFIX_PATH=/opt/ros/humble /usr/bin/cmake --build /home/cch/ros_homework/build/image_msg -- -j20 -l20
[0.256s] Invoking command in '/home/cch/ros_homework/build/image_msg': CMAKE_PREFIX_PATH=/opt/ros/humble /usr/bin/cmake --install /home/cch/ros_homework/build/image_msg
[0.260s] -- Install configuration: ""
[0.261s] -- Up-to-date: /home/cch/ros_homework/install/image_msg/share/ament_index/resource_index/rosidl_interfaces/image_msg
[0.261s] -- Up-to-date: /home/cch/ros_homework/install/image_msg/include/image_msg/image_msg
[0.261s] -- Up-to-date: /home/cch/ros_homework/install/image_msg/include/image_msg/image_msg/msg
[0.261s] -- Up-to-date: /home/cch/ros_homework/install/image_msg/include/image_msg/image_msg/msg/camera_image.h
[0.261s] -- Up-to-date: /home/cch/ros_homework/install/image_msg/include/image_msg/image_msg/msg/rosidl_generator_c__visibility_control.h
[0.261s] -- Up-to-date: /home/cch/ros_homework/install/image_msg/include/image_msg/image_msg/msg/detail
[0.261s] -- Up-to-date: /home/cch/ros_homework/install/image_msg/include/image_msg/image_msg/msg/detail/camera_image__type_support.h
[0.261s] -- Up-to-date: /home/cch/ros_homework/install/image_msg/include/image_msg/image_msg/msg/detail/camera_image__struct.h
[0.261s] -- Up-to-date: /home/cch/ros_homework/install/image_msg/include/image_msg/image_msg/msg/detail/camera_image__functions.h
[0.261s] -- Up-to-date: /home/cch/ros_homework/install/image_msg/include/image_msg/image_msg/msg/detail/camera_image__functions.c
[0.261s] -- Up-to-date: /home/cch/ros_homework/install/image_msg/share/image_msg/environment/library_path.sh
[0.261s] -- Up-to-date: /home/cch/ros_homework/install/image_msg/share/image_msg/environment/library_path.dsv
[0.262s] -- Up-to-date: /home/cch/ros_homework/install/image_msg/lib/libimage_msg__rosidl_generator_c.so
[0.262s] -- Up-to-date: /home/cch/ros_homework/install/image_msg/include/image_msg/image_msg
[0.262s] -- Up-to-date: /home/cch/ros_homework/install/image_msg/include/image_msg/image_msg/msg
[0.262s] -- Up-to-date: /home/cch/ros_homework/install/image_msg/include/image_msg/image_msg/msg/rosidl_typesupport_fastrtps_c__visibility_control.h
[0.262s] -- Up-to-date: /home/cch/ros_homework/install/image_msg/include/image_msg/image_msg/msg/detail
[0.262s] -- Up-to-date: /home/cch/ros_homework/install/image_msg/include/image_msg/image_msg/msg/detail/camera_image__rosidl_typesupport_fastrtps_c.h
[0.263s] -- Up-to-date: /home/cch/ros_homework/install/image_msg/lib/libimage_msg__rosidl_typesupport_fastrtps_c.so
[0.263s] -- Up-to-date: /home/cch/ros_homework/install/image_msg/include/image_msg/image_msg
[0.263s] -- Up-to-date: /home/cch/ros_homework/install/image_msg/include/image_msg/image_msg/msg
[0.263s] -- Up-to-date: /home/cch/ros_homework/install/image_msg/include/image_msg/image_msg/msg/rosidl_typesupport_introspection_c__visibility_control.h
[0.263s] -- Up-to-date: /home/cch/ros_homework/install/image_msg/include/image_msg/image_msg/msg/detail
[0.263s] -- Up-to-date: /home/cch/ros_homework/install/image_msg/include/image_msg/image_msg/msg/detail/camera_image__rosidl_typesupport_introspection_c.h
[0.263s] -- Up-to-date: /home/cch/ros_homework/install/image_msg/include/image_msg/image_msg/msg/detail/camera_image__type_support.c
[0.263s] -- Up-to-date: /home/cch/ros_homework/install/image_msg/lib/libimage_msg__rosidl_typesupport_introspection_c.so
[0.263s] -- Up-to-date: /home/cch/ros_homework/install/image_msg/lib/libimage_msg__rosidl_typesupport_c.so
[0.264s] -- Up-to-date: /home/cch/ros_homework/install/image_msg/include/image_msg/image_msg
[0.264s] -- Up-to-date: /home/cch/ros_homework/install/image_msg/include/image_msg/image_msg/msg
[0.264s] -- Up-to-date: /home/cch/ros_homework/install/image_msg/include/image_msg/image_msg/msg/camera_image.hpp
[0.264s] -- Up-to-date: /home/cch/ros_homework/install/image_msg/include/image_msg/image_msg/msg/detail
[0.264s] -- Up-to-date: /home/cch/ros_homework/install/image_msg/include/image_msg/image_msg/msg/detail/camera_image__builder.hpp
[0.264s] -- Up-to-date: /home/cch/ros_homework/install/image_msg/include/image_msg/image_msg/msg/detail/camera_image__traits.hpp
[0.264s] -- Up-to-date: /home/cch/ros_homework/install/image_msg/include/image_msg/image_msg/msg/detail/camera_image__struct.hpp
[0.264s] -- Up-to-date: /home/cch/ros_homework/install/image_msg/include/image_msg/image_msg
[0.264s] -- Up-to-date: /home/cch/ros_homework/install/image_msg/include/image_msg/image_msg/msg
[0.264s] -- Up-to-date: /home/cch/ros_homework/install/image_msg/include/image_msg/image_msg/msg/rosidl_typesupport_fastrtps_cpp__visibility_control.h
[0.264s] -- Up-to-date: /home/cch/ros_homework/install/image_msg/include/image_msg/image_msg/msg/detail
[0.264s] -- Up-to-date: /home/cch/ros_homework/install/image_msg/include/image_msg/image_msg/msg/detail/camera_image__rosidl_typesupport_fastrtps_cpp.hpp
[0.265s] -- Up-to-date: /home/cch/ros_homework/install/image_msg/include/image_msg/image_msg/msg/detail/dds_fastrtps
[0.265s] -- Up-to-date: /home/cch/ros_homework/install/image_msg/lib/libimage_msg__rosidl_typesupport_fastrtps_cpp.so
[0.265s] -- Up-to-date: /home/cch/ros_homework/install/image_msg/include/image_msg/image_msg
[0.265s] -- Up-to-date: /home/cch/ros_homework/install/image_msg/include/image_msg/image_msg/msg
[0.265s] -- Up-to-date: /home/cch/ros_homework/install/image_msg/include/image_msg/image_msg/msg/detail
[0.265s] -- Up-to-date: /home/cch/ros_homework/install/image_msg/include/image_msg/image_msg/msg/detail/camera_image__rosidl_typesupport_introspection_cpp.hpp
[0.265s] -- Up-to-date: /home/cch/ros_homework/install/image_msg/include/image_msg/image_msg/msg/detail/camera_image__type_support.cpp
[0.265s] -- Up-to-date: /home/cch/ros_homework/install/image_msg/lib/libimage_msg__rosidl_typesupport_introspection_cpp.so
[0.265s] -- Up-to-date: /home/cch/ros_homework/install/image_msg/lib/libimage_msg__rosidl_typesupport_cpp.so
[0.265s] -- Up-to-date: /home/cch/ros_homework/install/image_msg/share/image_msg/environment/pythonpath.sh
[0.266s] -- Up-to-date: /home/cch/ros_homework/install/image_msg/share/image_msg/environment/pythonpath.dsv
[0.266s] -- Up-to-date: /home/cch/ros_homework/install/image_msg/local/lib/python3.10/dist-packages/image_msg-0.0.0-py3.10.egg-info
[0.266s] -- Installing: /home/cch/ros_homework/install/image_msg/local/lib/python3.10/dist-packages/image_msg-0.0.0-py3.10.egg-info/top_level.txt
[0.266s] -- Installing: /home/cch/ros_homework/install/image_msg/local/lib/python3.10/dist-packages/image_msg-0.0.0-py3.10.egg-info/dependency_links.txt
[0.266s] -- Installing: /home/cch/ros_homework/install/image_msg/local/lib/python3.10/dist-packages/image_msg-0.0.0-py3.10.egg-info/SOURCES.txt
[0.266s] -- Installing: /home/cch/ros_homework/install/image_msg/local/lib/python3.10/dist-packages/image_msg-0.0.0-py3.10.egg-info/PKG-INFO
[0.266s] -- Up-to-date: /home/cch/ros_homework/install/image_msg/local/lib/python3.10/dist-packages/image_msg
[0.266s] -- Up-to-date: /home/cch/ros_homework/install/image_msg/local/lib/python3.10/dist-packages/image_msg/_image_msg_s.ep.rosidl_typesupport_c.c
[0.266s] -- Up-to-date: /home/cch/ros_homework/install/image_msg/local/lib/python3.10/dist-packages/image_msg/libimage_msg__rosidl_generator_py.so
[0.266s] -- Up-to-date: /home/cch/ros_homework/install/image_msg/local/lib/python3.10/dist-packages/image_msg/image_msg_s__rosidl_typesupport_fastrtps_c.cpython-310-x86_64-linux-gnu.so
[0.266s] -- Up-to-date: /home/cch/ros_homework/install/image_msg/local/lib/python3.10/dist-packages/image_msg/msg
[0.266s] -- Up-to-date: /home/cch/ros_homework/install/image_msg/local/lib/python3.10/dist-packages/image_msg/msg/_camera_image.py
[0.267s] -- Up-to-date: /home/cch/ros_homework/install/image_msg/local/lib/python3.10/dist-packages/image_msg/msg/_camera_image_s.c
[0.267s] -- Up-to-date: /home/cch/ros_homework/install/image_msg/local/lib/python3.10/dist-packages/image_msg/msg/__init__.py
[0.267s] -- Up-to-date: /home/cch/ros_homework/install/image_msg/local/lib/python3.10/dist-packages/image_msg/image_msg_s__rosidl_typesupport_introspection_c.cpython-310-x86_64-linux-gnu.so
[0.267s] -- Up-to-date: /home/cch/ros_homework/install/image_msg/local/lib/python3.10/dist-packages/image_msg/image_msg_s__rosidl_typesupport_c.cpython-310-x86_64-linux-gnu.so
[0.267s] -- Up-to-date: /home/cch/ros_homework/install/image_msg/local/lib/python3.10/dist-packages/image_msg/__init__.py
[0.267s] -- Up-to-date: /home/cch/ros_homework/install/image_msg/local/lib/python3.10/dist-packages/image_msg/_image_msg_s.ep.rosidl_typesupport_introspection_c.c
[0.267s] -- Up-to-date: /home/cch/ros_homework/install/image_msg/local/lib/python3.10/dist-packages/image_msg/_image_msg_s.ep.rosidl_typesupport_fastrtps_c.c
[0.284s] Listing '/home/cch/ros_homework/install/image_msg/local/lib/python3.10/dist-packages/image_msg'...
[0.285s] Listing '/home/cch/ros_homework/install/image_msg/local/lib/python3.10/dist-packages/image_msg/msg'...
[0.287s] -- Up-to-date: /home/cch/ros_homework/install/image_msg/local/lib/python3.10/dist-packages/image_msg/image_msg_s__rosidl_typesupport_fastrtps_c.cpython-310-x86_64-linux-gnu.so
[0.288s] -- Up-to-date: /home/cch/ros_homework/install/image_msg/local/lib/python3.10/dist-packages/image_msg/image_msg_s__rosidl_typesupport_introspection_c.cpython-310-x86_64-linux-gnu.so
[0.288s] -- Up-to-date: /home/cch/ros_homework/install/image_msg/local/lib/python3.10/dist-packages/image_msg/image_msg_s__rosidl_typesupport_c.cpython-310-x86_64-linux-gnu.so
[0.289s] -- Up-to-date: /home/cch/ros_homework/install/image_msg/lib/libimage_msg__rosidl_generator_py.so
[0.289s] -- Up-to-date: /home/cch/ros_homework/install/image_msg/share/image_msg/msg/CameraImage.idl
[0.289s] -- Up-to-date: /home/cch/ros_homework/install/image_msg/share/image_msg/msg/CameraImage.msg
[0.289s] -- Up-to-date: /home/cch/ros_homework/install/image_msg/share/ament_index/resource_index/package_run_dependencies/image_msg
[0.289s] -- Up-to-date: /home/cch/ros_homework/install/image_msg/share/ament_index/resource_index/parent_prefix_path/image_msg
[0.289s] -- Up-to-date: /home/cch/ros_homework/install/image_msg/share/image_msg/environment/ament_prefix_path.sh
[0.289s] -- Up-to-date: /home/cch/ros_homework/install/image_msg/share/image_msg/environment/ament_prefix_path.dsv
[0.290s] -- Up-to-date: /home/cch/ros_homework/install/image_msg/share/image_msg/environment/path.sh
[0.290s] -- Up-to-date: /home/cch/ros_homework/install/image_msg/share/image_msg/environment/path.dsv
[0.290s] -- Up-to-date: /home/cch/ros_homework/install/image_msg/share/image_msg/local_setup.bash
[0.290s] -- Up-to-date: /home/cch/ros_homework/install/image_msg/share/image_msg/local_setup.sh
[0.290s] -- Up-to-date: /home/cch/ros_homework/install/image_msg/share/image_msg/local_setup.zsh
[0.290s] -- Up-to-date: /home/cch/ros_homework/install/image_msg/share/image_msg/local_setup.dsv
[0.290s] -- Installing: /home/cch/ros_homework/install/image_msg/share/image_msg/package.dsv
[0.290s] -- Up-to-date: /home/cch/ros_homework/install/image_msg/share/ament_index/resource_index/packages/image_msg
[0.290s] -- Up-to-date: /home/cch/ros_homework/install/image_msg/share/image_msg/cmake/export_image_msg__rosidl_generator_cExport.cmake
[0.290s] -- Up-to-date: /home/cch/ros_homework/install/image_msg/share/image_msg/cmake/export_image_msg__rosidl_generator_cExport-noconfig.cmake
[0.290s] -- Up-to-date: /home/cch/ros_homework/install/image_msg/share/image_msg/cmake/export_image_msg__rosidl_typesupport_fastrtps_cExport.cmake
[0.291s] -- Up-to-date: /home/cch/ros_homework/install/image_msg/share/image_msg/cmake/export_image_msg__rosidl_typesupport_fastrtps_cExport-noconfig.cmake
[0.291s] -- Up-to-date: /home/cch/ros_homework/install/image_msg/share/image_msg/cmake/image_msg__rosidl_typesupport_introspection_cExport.cmake
[0.291s] -- Up-to-date: /home/cch/ros_homework/install/image_msg/share/image_msg/cmake/image_msg__rosidl_typesupport_introspection_cExport-noconfig.cmake
[0.291s] -- Up-to-date: /home/cch/ros_homework/install/image_msg/share/image_msg/cmake/image_msg__rosidl_typesupport_cExport.cmake
[0.291s] -- Up-to-date: /home/cch/ros_homework/install/image_msg/share/image_msg/cmake/image_msg__rosidl_typesupport_cExport-noconfig.cmake
[0.291s] -- Up-to-date: /home/cch/ros_homework/install/image_msg/share/image_msg/cmake/export_image_msg__rosidl_generator_cppExport.cmake
[0.292s] -- Up-to-date: /home/cch/ros_homework/install/image_msg/share/image_msg/cmake/export_image_msg__rosidl_typesupport_fastrtps_cppExport.cmake
[0.292s] -- Up-to-date: /home/cch/ros_homework/install/image_msg/share/image_msg/cmake/export_image_msg__rosidl_typesupport_fastrtps_cppExport-noconfig.cmake
[0.292s] -- Up-to-date: /home/cch/ros_homework/install/image_msg/share/image_msg/cmake/image_msg__rosidl_typesupport_introspection_cppExport.cmake
[0.292s] -- Up-to-date: /home/cch/ros_homework/install/image_msg/share/image_msg/cmake/image_msg__rosidl_typesupport_introspection_cppExport-noconfig.cmake
[0.292s] -- Up-to-date: /home/cch/ros_homework/install/image_msg/share/image_msg/cmake/image_msg__rosidl_typesupport_cppExport.cmake
[0.292s] -- Up-to-date: /home/cch/ros_homework/install/image_msg/share/image_msg/cmake/image_msg__rosidl_typesupport_cppExport-noconfig.cmake
[0.293s] -- Up-to-date: /home/cch/ros_homework/install/image_msg/share/image_msg/cmake/export_image_msg__rosidl_generator_pyExport.cmake
[0.293s] -- Up-to-date: /home/cch/ros_homework/install/image_msg/share/image_msg/cmake/export_image_msg__rosidl_generator_pyExport-noconfig.cmake
[0.293s] -- Up-to-date: /home/cch/ros_homework/install/image_msg/share/image_msg/cmake/rosidl_cmake-extras.cmake
[0.293s] -- Up-to-date: /home/cch/ros_homework/install/image_msg/share/image_msg/cmake/ament_cmake_export_include_directories-extras.cmake
[0.293s] -- Up-to-date: /home/cch/ros_homework/install/image_msg/share/image_msg/cmake/ament_cmake_export_libraries-extras.cmake
[0.293s] -- Up-to-date: /home/cch/ros_homework/install/image_msg/share/image_msg/cmake/ament_cmake_export_targets-extras.cmake
[0.293s] -- Up-to-date: /home/cch/ros_homework/install/image_msg/share/image_msg/cmake/rosidl_cmake_export_typesupport_targets-extras.cmake
[0.293s] -- Up-to-date: /home/cch/ros_homework/install/image_msg/share/image_msg/cmake/ament_cmake_export_dependencies-extras.cmake
[0.293s] -- Up-to-date: /home/cch/ros_homework/install/image_msg/share/image_msg/cmake/rosidl_cmake_export_typesupport_libraries-extras.cmake
[0.293s] -- Up-to-date: /home/cch/ros_homework/install/image_msg/share/image_msg/cmake/image_msgConfig.cmake
[0.293s] -- Up-to-date: /home/cch/ros_homework/install/image_msg/share/image_msg/cmake/image_msgConfig-version.cmake
[0.293s] -- Up-to-date: /home/cch/ros_homework/install/image_msg/share/image_msg/package.xml
[0.295s] Invoked command in '/home/cch/ros_homework/build/image_msg' returned '0': CMAKE_PREFIX_PATH=/opt/ros/humble /usr/bin/cmake --install /home/cch/ros_homework/build/image_msg
