[0.027s] Invoking command in '/home/cch/ros_homework/build/image_msg': CMAKE_PREFIX_PATH=/opt/ros/humble /usr/bin/cmake /home/cch/ros_homework/src/image_msg -DCMAKE_INSTALL_PREFIX=/home/cch/ros_homework/install/image_msg
[0.173s] -- The C compiler identification is GNU 11.4.0
[0.652s] -- The CXX compiler identification is GNU 11.4.0
[0.955s] -- Detecting C compiler ABI info
[1.052s] -- Detecting C compiler ABI info - done
[1.056s] -- Check for working C compiler: /usr/bin/cc - skipped
[1.058s] -- Detecting C compile features
[1.059s] -- Detecting C compile features - done
[1.062s] -- Detecting CXX compiler ABI info
[1.169s] -- Detecting CXX compiler ABI info - done
[1.173s] -- Check for working CXX compiler: /usr/bin/c++ - skipped
[1.173s] -- Detecting CXX compile features
[1.173s] -- Detecting CXX compile features - done
[1.177s] -- Found ament_cmake: 1.3.6 (/opt/ros/humble/share/ament_cmake/cmake)
[1.276s] -- Found Python3: /usr/bin/python3.10 (found version "3.10.12") found components: Interpreter 
[1.326s] -- Found rosidl_default_generators: 1.2.0 (/opt/ros/humble/share/rosidl_default_generators/cmake)
[1.328s] -- Using all available rosidl_typesupport_c: rosidl_typesupport_fastrtps_c;rosidl_typesupport_introspection_c
[1.331s] -- Found rosidl_adapter: 3.1.5 (/opt/ros/humble/share/rosidl_adapter/cmake)
[1.448s] -- Using all available rosidl_typesupport_cpp: rosidl_typesupport_fastrtps_cpp;rosidl_typesupport_introspection_cpp
[1.610s] -- Found ament_cmake_ros: 0.10.0 (/opt/ros/humble/share/ament_cmake_ros/cmake)
[1.715s] -- Using all available rosidl_typesupport_c: rosidl_typesupport_fastrtps_c;rosidl_typesupport_introspection_c
[1.851s] -- Using all available rosidl_typesupport_cpp: rosidl_typesupport_fastrtps_cpp;rosidl_typesupport_introspection_cpp
[1.950s] -- Found PythonInterp: /usr/bin/python3 (found suitable version "3.10.12", minimum required is "3.6") 
[1.951s] -- Found python_cmake_module: 0.10.0 (/opt/ros/humble/share/python_cmake_module/cmake)
[2.258s] -- Found PythonLibs: /usr/lib/x86_64-linux-gnu/libpython3.10.so (found suitable version "3.10.12", minimum required is "3.5") 
[2.258s] -- Using PYTHON_EXECUTABLE: /usr/bin/python3
[2.258s] -- Using PYTHON_INCLUDE_DIRS: /usr/include/python3.10
[2.258s] -- Using PYTHON_LIBRARIES: /usr/lib/x86_64-linux-gnu/libpython3.10.so
[2.270s] -- Found PythonExtra: .so  
[2.322s] -- Found ament_lint_auto: 0.12.9 (/opt/ros/humble/share/ament_lint_auto/cmake)
[2.330s] -- Added test 'lint_cmake' to check CMake code style
[2.331s] -- Added test 'xmllint' to check XML markup files
[2.332s] -- Configuring done
[2.348s] -- Generating done
[2.349s] -- Build files have been written to: /home/cch/ros_homework/build/image_msg
[2.354s] Invoked command in '/home/cch/ros_homework/build/image_msg' returned '0': CMAKE_PREFIX_PATH=/opt/ros/humble /usr/bin/cmake /home/cch/ros_homework/src/image_msg -DCMAKE_INSTALL_PREFIX=/home/cch/ros_homework/install/image_msg
[2.355s] Invoking command in '/home/cch/ros_homework/build/image_msg': CMAKE_PREFIX_PATH=/opt/ros/humble /usr/bin/cmake --build /home/cch/ros_homework/build/image_msg -- -j20 -l20
[2.372s] [  3%] [34m[1mGenerating C code for ROS interfaces[0m
[2.376s] [  6%] [34m[1mGenerating C++ code for ROS interfaces[0m
[2.379s] [  6%] Built target ament_cmake_python_copy_image_msg
[2.511s] running egg_info
[2.511s] creating image_msg.egg-info
[2.511s] writing image_msg.egg-info/PKG-INFO
[2.511s] writing dependency_links to image_msg.egg-info/dependency_links.txt
[2.511s] writing top-level names to image_msg.egg-info/top_level.txt
[2.511s] writing manifest file 'image_msg.egg-info/SOURCES.txt'
[2.513s] reading manifest file 'image_msg.egg-info/SOURCES.txt'
[2.513s] writing manifest file 'image_msg.egg-info/SOURCES.txt'
[2.527s] [  6%] Built target ament_cmake_python_build_image_msg_egg
[2.549s] [  6%] Built target image_msg__cpp
[2.553s] [  9%] [34m[1mGenerating C++ type support dispatch for ROS interfaces[0m
[2.554s] [ 12%] [34m[1mGenerating C++ type support for eProsima Fast-RTPS[0m
[2.555s] [ 16%] [34m[1mGenerating C++ introspection for ROS interfaces[0m
[2.558s] [ 19%] [32mBuilding C object CMakeFiles/image_msg__rosidl_generator_c.dir/rosidl_generator_c/image_msg/msg/detail/camera_image__functions.c.o[0m
[2.601s] [ 22%] [32m[1mLinking C shared library libimage_msg__rosidl_generator_c.so[0m
[2.693s] [ 22%] Built target image_msg__rosidl_generator_c
[2.698s] [ 25%] [34m[1mGenerating C type support dispatch for ROS interfaces[0m
[2.698s] [ 32%] [34m[1mGenerating C type support for eProsima Fast-RTPS[0m
[2.699s] [ 32%] [34m[1mGenerating C introspection for ROS interfaces[0m
[2.704s] [ 35%] [32mBuilding CXX object CMakeFiles/image_msg__rosidl_typesupport_cpp.dir/rosidl_typesupport_cpp/image_msg/msg/camera_image__type_support.cpp.o[0m
[2.720s] [ 38%] [32mBuilding CXX object CMakeFiles/image_msg__rosidl_typesupport_introspection_cpp.dir/rosidl_typesupport_introspection_cpp/image_msg/msg/detail/camera_image__type_support.cpp.o[0m
[2.750s] [ 41%] [32mBuilding CXX object CMakeFiles/image_msg__rosidl_typesupport_fastrtps_cpp.dir/rosidl_typesupport_fastrtps_cpp/image_msg/msg/detail/dds_fastrtps/camera_image__type_support.cpp.o[0m
[2.863s] [ 45%] [32mBuilding CXX object CMakeFiles/image_msg__rosidl_typesupport_c.dir/rosidl_typesupport_c/image_msg/msg/camera_image__type_support.cpp.o[0m
[2.872s] [ 48%] [32mBuilding C object CMakeFiles/image_msg__rosidl_typesupport_introspection_c.dir/rosidl_typesupport_introspection_c/image_msg/msg/detail/camera_image__type_support.c.o[0m
[2.878s] [ 51%] [32m[1mLinking CXX shared library libimage_msg__rosidl_typesupport_c.so[0m
[2.887s] [ 54%] [32mBuilding CXX object CMakeFiles/image_msg__rosidl_typesupport_fastrtps_c.dir/rosidl_typesupport_fastrtps_c/image_msg/msg/detail/camera_image__type_support_c.cpp.o[0m
[2.892s] [ 58%] [32m[1mLinking CXX shared library libimage_msg__rosidl_typesupport_cpp.so[0m
[2.895s] [ 61%] [32m[1mLinking C shared library libimage_msg__rosidl_typesupport_introspection_c.so[0m
[2.971s] [ 64%] [32m[1mLinking CXX shared library libimage_msg__rosidl_typesupport_introspection_cpp.so[0m
[2.975s] [ 64%] Built target image_msg__rosidl_typesupport_introspection_c
[2.980s] [ 64%] Built target image_msg__rosidl_typesupport_cpp
[2.980s] [ 64%] Built target image_msg__rosidl_typesupport_c
[2.998s] [ 67%] [32m[1mLinking CXX shared library libimage_msg__rosidl_typesupport_fastrtps_cpp.so[0m
[3.079s] [ 70%] [32m[1mLinking CXX shared library libimage_msg__rosidl_typesupport_fastrtps_c.so[0m
[3.100s] [ 70%] Built target image_msg__rosidl_typesupport_introspection_cpp
[3.137s] [ 70%] Built target image_msg__rosidl_typesupport_fastrtps_cpp
[3.185s] [ 70%] Built target image_msg__rosidl_typesupport_fastrtps_c
[3.193s] [ 70%] Built target image_msg
[3.201s] [ 74%] [34m[1mGenerating Python code for ROS interfaces[0m
[3.407s] [ 74%] Built target image_msg__py
[3.415s] [ 77%] [32mBuilding C object CMakeFiles/image_msg__rosidl_generator_py.dir/rosidl_generator_py/image_msg/msg/_camera_image_s.c.o[0m
[3.497s] [ 80%] [32m[1mLinking C shared library rosidl_generator_py/image_msg/libimage_msg__rosidl_generator_py.so[0m
[3.602s] [ 80%] Built target image_msg__rosidl_generator_py
[3.611s] [ 87%] [32mBuilding C object CMakeFiles/image_msg__rosidl_typesupport_c__pyext.dir/rosidl_generator_py/image_msg/_image_msg_s.ep.rosidl_typesupport_c.c.o[0m
[3.611s] [ 87%] [32mBuilding C object CMakeFiles/image_msg__rosidl_typesupport_fastrtps_c__pyext.dir/rosidl_generator_py/image_msg/_image_msg_s.ep.rosidl_typesupport_fastrtps_c.c.o[0m
[3.611s] [ 90%] [32mBuilding C object CMakeFiles/image_msg__rosidl_typesupport_introspection_c__pyext.dir/rosidl_generator_py/image_msg/_image_msg_s.ep.rosidl_typesupport_introspection_c.c.o[0m
[3.658s] [ 96%] [32m[1mLinking C shared library rosidl_generator_py/image_msg/image_msg_s__rosidl_typesupport_introspection_c.cpython-310-x86_64-linux-gnu.so[0m
[3.658s] [ 96%] [32m[1mLinking C shared library rosidl_generator_py/image_msg/image_msg_s__rosidl_typesupport_c.cpython-310-x86_64-linux-gnu.so[0m
[3.658s] [100%] [32m[1mLinking C shared library rosidl_generator_py/image_msg/image_msg_s__rosidl_typesupport_fastrtps_c.cpython-310-x86_64-linux-gnu.so[0m
[3.720s] [100%] Built target image_msg__rosidl_typesupport_introspection_c__pyext
[3.721s] [100%] Built target image_msg__rosidl_typesupport_c__pyext
[3.721s] [100%] Built target image_msg__rosidl_typesupport_fastrtps_c__pyext
[3.726s] Invoked command in '/home/cch/ros_homework/build/image_msg' returned '0': CMAKE_PREFIX_PATH=/opt/ros/humble /usr/bin/cmake --build /home/cch/ros_homework/build/image_msg -- -j20 -l20
[3.754s] Invoking command in '/home/cch/ros_homework/build/image_msg': CMAKE_PREFIX_PATH=/opt/ros/humble /usr/bin/cmake --install /home/cch/ros_homework/build/image_msg
[3.757s] -- Install configuration: ""
[3.757s] -- Installing: /home/cch/ros_homework/install/image_msg/share/ament_index/resource_index/rosidl_interfaces/image_msg
[3.757s] -- Installing: /home/cch/ros_homework/install/image_msg/include/image_msg/image_msg
[3.758s] -- Installing: /home/cch/ros_homework/install/image_msg/include/image_msg/image_msg/msg
[3.758s] -- Installing: /home/cch/ros_homework/install/image_msg/include/image_msg/image_msg/msg/camera_image.h
[3.758s] -- Installing: /home/cch/ros_homework/install/image_msg/include/image_msg/image_msg/msg/rosidl_generator_c__visibility_control.h
[3.758s] -- Installing: /home/cch/ros_homework/install/image_msg/include/image_msg/image_msg/msg/detail
[3.758s] -- Installing: /home/cch/ros_homework/install/image_msg/include/image_msg/image_msg/msg/detail/camera_image__type_support.h
[3.758s] -- Installing: /home/cch/ros_homework/install/image_msg/include/image_msg/image_msg/msg/detail/camera_image__struct.h
[3.758s] -- Installing: /home/cch/ros_homework/install/image_msg/include/image_msg/image_msg/msg/detail/camera_image__functions.h
[3.758s] -- Installing: /home/cch/ros_homework/install/image_msg/include/image_msg/image_msg/msg/detail/camera_image__functions.c
[3.758s] -- Installing: /home/cch/ros_homework/install/image_msg/share/image_msg/environment/library_path.sh
[3.758s] -- Installing: /home/cch/ros_homework/install/image_msg/share/image_msg/environment/library_path.dsv
[3.758s] -- Installing: /home/cch/ros_homework/install/image_msg/lib/libimage_msg__rosidl_generator_c.so
[3.759s] -- Set runtime path of "/home/cch/ros_homework/install/image_msg/lib/libimage_msg__rosidl_generator_c.so" to ""
[3.759s] -- Up-to-date: /home/cch/ros_homework/install/image_msg/include/image_msg/image_msg
[3.759s] -- Up-to-date: /home/cch/ros_homework/install/image_msg/include/image_msg/image_msg/msg
[3.759s] -- Installing: /home/cch/ros_homework/install/image_msg/include/image_msg/image_msg/msg/rosidl_typesupport_fastrtps_c__visibility_control.h
[3.759s] -- Up-to-date: /home/cch/ros_homework/install/image_msg/include/image_msg/image_msg/msg/detail
[3.759s] -- Installing: /home/cch/ros_homework/install/image_msg/include/image_msg/image_msg/msg/detail/camera_image__rosidl_typesupport_fastrtps_c.h
[3.759s] -- Installing: /home/cch/ros_homework/install/image_msg/lib/libimage_msg__rosidl_typesupport_fastrtps_c.so
[3.759s] -- Set runtime path of "/home/cch/ros_homework/install/image_msg/lib/libimage_msg__rosidl_typesupport_fastrtps_c.so" to ""
[3.759s] -- Up-to-date: /home/cch/ros_homework/install/image_msg/include/image_msg/image_msg
[3.760s] -- Up-to-date: /home/cch/ros_homework/install/image_msg/include/image_msg/image_msg/msg
[3.760s] -- Installing: /home/cch/ros_homework/install/image_msg/include/image_msg/image_msg/msg/rosidl_typesupport_introspection_c__visibility_control.h
[3.760s] -- Up-to-date: /home/cch/ros_homework/install/image_msg/include/image_msg/image_msg/msg/detail
[3.760s] -- Installing: /home/cch/ros_homework/install/image_msg/include/image_msg/image_msg/msg/detail/camera_image__rosidl_typesupport_introspection_c.h
[3.760s] -- Installing: /home/cch/ros_homework/install/image_msg/include/image_msg/image_msg/msg/detail/camera_image__type_support.c
[3.760s] -- Installing: /home/cch/ros_homework/install/image_msg/lib/libimage_msg__rosidl_typesupport_introspection_c.so
[3.760s] -- Set runtime path of "/home/cch/ros_homework/install/image_msg/lib/libimage_msg__rosidl_typesupport_introspection_c.so" to ""
[3.760s] -- Installing: /home/cch/ros_homework/install/image_msg/lib/libimage_msg__rosidl_typesupport_c.so
[3.760s] -- Set runtime path of "/home/cch/ros_homework/install/image_msg/lib/libimage_msg__rosidl_typesupport_c.so" to ""
[3.760s] -- Up-to-date: /home/cch/ros_homework/install/image_msg/include/image_msg/image_msg
[3.761s] -- Up-to-date: /home/cch/ros_homework/install/image_msg/include/image_msg/image_msg/msg
[3.761s] -- Installing: /home/cch/ros_homework/install/image_msg/include/image_msg/image_msg/msg/camera_image.hpp
[3.761s] -- Up-to-date: /home/cch/ros_homework/install/image_msg/include/image_msg/image_msg/msg/detail
[3.761s] -- Installing: /home/cch/ros_homework/install/image_msg/include/image_msg/image_msg/msg/detail/camera_image__builder.hpp
[3.761s] -- Installing: /home/cch/ros_homework/install/image_msg/include/image_msg/image_msg/msg/detail/camera_image__traits.hpp
[3.761s] -- Installing: /home/cch/ros_homework/install/image_msg/include/image_msg/image_msg/msg/detail/camera_image__struct.hpp
[3.761s] -- Up-to-date: /home/cch/ros_homework/install/image_msg/include/image_msg/image_msg
[3.761s] -- Up-to-date: /home/cch/ros_homework/install/image_msg/include/image_msg/image_msg/msg
[3.761s] -- Installing: /home/cch/ros_homework/install/image_msg/include/image_msg/image_msg/msg/rosidl_typesupport_fastrtps_cpp__visibility_control.h
[3.762s] -- Up-to-date: /home/cch/ros_homework/install/image_msg/include/image_msg/image_msg/msg/detail
[3.762s] -- Installing: /home/cch/ros_homework/install/image_msg/include/image_msg/image_msg/msg/detail/camera_image__rosidl_typesupport_fastrtps_cpp.hpp
[3.762s] -- Installing: /home/cch/ros_homework/install/image_msg/include/image_msg/image_msg/msg/detail/dds_fastrtps
[3.762s] -- Installing: /home/cch/ros_homework/install/image_msg/lib/libimage_msg__rosidl_typesupport_fastrtps_cpp.so
[3.762s] -- Set runtime path of "/home/cch/ros_homework/install/image_msg/lib/libimage_msg__rosidl_typesupport_fastrtps_cpp.so" to ""
[3.762s] -- Up-to-date: /home/cch/ros_homework/install/image_msg/include/image_msg/image_msg
[3.762s] -- Up-to-date: /home/cch/ros_homework/install/image_msg/include/image_msg/image_msg/msg
[3.762s] -- Up-to-date: /home/cch/ros_homework/install/image_msg/include/image_msg/image_msg/msg/detail
[3.762s] -- Installing: /home/cch/ros_homework/install/image_msg/include/image_msg/image_msg/msg/detail/camera_image__rosidl_typesupport_introspection_cpp.hpp
[3.762s] -- Installing: /home/cch/ros_homework/install/image_msg/include/image_msg/image_msg/msg/detail/camera_image__type_support.cpp
[3.762s] -- Installing: /home/cch/ros_homework/install/image_msg/lib/libimage_msg__rosidl_typesupport_introspection_cpp.so
[3.762s] -- Set runtime path of "/home/cch/ros_homework/install/image_msg/lib/libimage_msg__rosidl_typesupport_introspection_cpp.so" to ""
[3.762s] -- Installing: /home/cch/ros_homework/install/image_msg/lib/libimage_msg__rosidl_typesupport_cpp.so
[3.763s] -- Set runtime path of "/home/cch/ros_homework/install/image_msg/lib/libimage_msg__rosidl_typesupport_cpp.so" to ""
[3.763s] -- Installing: /home/cch/ros_homework/install/image_msg/share/image_msg/environment/pythonpath.sh
[3.763s] -- Installing: /home/cch/ros_homework/install/image_msg/share/image_msg/environment/pythonpath.dsv
[3.763s] -- Installing: /home/cch/ros_homework/install/image_msg/local/lib/python3.10/dist-packages/image_msg-0.0.0-py3.10.egg-info
[3.763s] -- Installing: /home/cch/ros_homework/install/image_msg/local/lib/python3.10/dist-packages/image_msg-0.0.0-py3.10.egg-info/top_level.txt
[3.763s] -- Installing: /home/cch/ros_homework/install/image_msg/local/lib/python3.10/dist-packages/image_msg-0.0.0-py3.10.egg-info/dependency_links.txt
[3.763s] -- Installing: /home/cch/ros_homework/install/image_msg/local/lib/python3.10/dist-packages/image_msg-0.0.0-py3.10.egg-info/SOURCES.txt
[3.763s] -- Installing: /home/cch/ros_homework/install/image_msg/local/lib/python3.10/dist-packages/image_msg-0.0.0-py3.10.egg-info/PKG-INFO
[3.763s] -- Installing: /home/cch/ros_homework/install/image_msg/local/lib/python3.10/dist-packages/image_msg
[3.763s] -- Installing: /home/cch/ros_homework/install/image_msg/local/lib/python3.10/dist-packages/image_msg/_image_msg_s.ep.rosidl_typesupport_c.c
[3.763s] -- Installing: /home/cch/ros_homework/install/image_msg/local/lib/python3.10/dist-packages/image_msg/libimage_msg__rosidl_generator_py.so
[3.763s] -- Installing: /home/cch/ros_homework/install/image_msg/local/lib/python3.10/dist-packages/image_msg/image_msg_s__rosidl_typesupport_fastrtps_c.cpython-310-x86_64-linux-gnu.so
[3.763s] -- Installing: /home/cch/ros_homework/install/image_msg/local/lib/python3.10/dist-packages/image_msg/msg
[3.763s] -- Installing: /home/cch/ros_homework/install/image_msg/local/lib/python3.10/dist-packages/image_msg/msg/_camera_image.py
[3.763s] -- Installing: /home/cch/ros_homework/install/image_msg/local/lib/python3.10/dist-packages/image_msg/msg/_camera_image_s.c
[3.763s] -- Installing: /home/cch/ros_homework/install/image_msg/local/lib/python3.10/dist-packages/image_msg/msg/__init__.py
[3.763s] -- Installing: /home/cch/ros_homework/install/image_msg/local/lib/python3.10/dist-packages/image_msg/image_msg_s__rosidl_typesupport_introspection_c.cpython-310-x86_64-linux-gnu.so
[3.763s] -- Installing: /home/cch/ros_homework/install/image_msg/local/lib/python3.10/dist-packages/image_msg/image_msg_s__rosidl_typesupport_c.cpython-310-x86_64-linux-gnu.so
[3.763s] -- Installing: /home/cch/ros_homework/install/image_msg/local/lib/python3.10/dist-packages/image_msg/__init__.py
[3.763s] -- Installing: /home/cch/ros_homework/install/image_msg/local/lib/python3.10/dist-packages/image_msg/_image_msg_s.ep.rosidl_typesupport_introspection_c.c
[3.763s] -- Installing: /home/cch/ros_homework/install/image_msg/local/lib/python3.10/dist-packages/image_msg/_image_msg_s.ep.rosidl_typesupport_fastrtps_c.c
[3.784s] Listing '/home/cch/ros_homework/install/image_msg/local/lib/python3.10/dist-packages/image_msg'...
[3.784s] Compiling '/home/cch/ros_homework/install/image_msg/local/lib/python3.10/dist-packages/image_msg/__init__.py'...
[3.784s] Listing '/home/cch/ros_homework/install/image_msg/local/lib/python3.10/dist-packages/image_msg/msg'...
[3.784s] Compiling '/home/cch/ros_homework/install/image_msg/local/lib/python3.10/dist-packages/image_msg/msg/__init__.py'...
[3.784s] Compiling '/home/cch/ros_homework/install/image_msg/local/lib/python3.10/dist-packages/image_msg/msg/_camera_image.py'...
[3.786s] -- Installing: /home/cch/ros_homework/install/image_msg/local/lib/python3.10/dist-packages/image_msg/image_msg_s__rosidl_typesupport_fastrtps_c.cpython-310-x86_64-linux-gnu.so
[3.786s] -- Set runtime path of "/home/cch/ros_homework/install/image_msg/local/lib/python3.10/dist-packages/image_msg/image_msg_s__rosidl_typesupport_fastrtps_c.cpython-310-x86_64-linux-gnu.so" to ""
[3.787s] -- Installing: /home/cch/ros_homework/install/image_msg/local/lib/python3.10/dist-packages/image_msg/image_msg_s__rosidl_typesupport_introspection_c.cpython-310-x86_64-linux-gnu.so
[3.787s] -- Set runtime path of "/home/cch/ros_homework/install/image_msg/local/lib/python3.10/dist-packages/image_msg/image_msg_s__rosidl_typesupport_introspection_c.cpython-310-x86_64-linux-gnu.so" to ""
[3.787s] -- Installing: /home/cch/ros_homework/install/image_msg/local/lib/python3.10/dist-packages/image_msg/image_msg_s__rosidl_typesupport_c.cpython-310-x86_64-linux-gnu.so
[3.787s] -- Set runtime path of "/home/cch/ros_homework/install/image_msg/local/lib/python3.10/dist-packages/image_msg/image_msg_s__rosidl_typesupport_c.cpython-310-x86_64-linux-gnu.so" to ""
[3.787s] -- Installing: /home/cch/ros_homework/install/image_msg/lib/libimage_msg__rosidl_generator_py.so
[3.787s] -- Set runtime path of "/home/cch/ros_homework/install/image_msg/lib/libimage_msg__rosidl_generator_py.so" to ""
[3.787s] -- Installing: /home/cch/ros_homework/install/image_msg/share/image_msg/msg/CameraImage.idl
[3.787s] -- Installing: /home/cch/ros_homework/install/image_msg/share/image_msg/msg/CameraImage.msg
[3.787s] -- Installing: /home/cch/ros_homework/install/image_msg/share/ament_index/resource_index/package_run_dependencies/image_msg
[3.787s] -- Installing: /home/cch/ros_homework/install/image_msg/share/ament_index/resource_index/parent_prefix_path/image_msg
[3.787s] -- Installing: /home/cch/ros_homework/install/image_msg/share/image_msg/environment/ament_prefix_path.sh
[3.788s] -- Installing: /home/cch/ros_homework/install/image_msg/share/image_msg/environment/ament_prefix_path.dsv
[3.788s] -- Installing: /home/cch/ros_homework/install/image_msg/share/image_msg/environment/path.sh
[3.788s] -- Installing: /home/cch/ros_homework/install/image_msg/share/image_msg/environment/path.dsv
[3.788s] -- Installing: /home/cch/ros_homework/install/image_msg/share/image_msg/local_setup.bash
[3.788s] -- Installing: /home/cch/ros_homework/install/image_msg/share/image_msg/local_setup.sh
[3.788s] -- Installing: /home/cch/ros_homework/install/image_msg/share/image_msg/local_setup.zsh
[3.788s] -- Installing: /home/cch/ros_homework/install/image_msg/share/image_msg/local_setup.dsv
[3.788s] -- Installing: /home/cch/ros_homework/install/image_msg/share/image_msg/package.dsv
[3.788s] -- Installing: /home/cch/ros_homework/install/image_msg/share/ament_index/resource_index/packages/image_msg
[3.788s] -- Installing: /home/cch/ros_homework/install/image_msg/share/image_msg/cmake/export_image_msg__rosidl_generator_cExport.cmake
[3.788s] -- Installing: /home/cch/ros_homework/install/image_msg/share/image_msg/cmake/export_image_msg__rosidl_generator_cExport-noconfig.cmake
[3.789s] -- Installing: /home/cch/ros_homework/install/image_msg/share/image_msg/cmake/export_image_msg__rosidl_typesupport_fastrtps_cExport.cmake
[3.789s] -- Installing: /home/cch/ros_homework/install/image_msg/share/image_msg/cmake/export_image_msg__rosidl_typesupport_fastrtps_cExport-noconfig.cmake
[3.789s] -- Installing: /home/cch/ros_homework/install/image_msg/share/image_msg/cmake/image_msg__rosidl_typesupport_introspection_cExport.cmake
[3.789s] -- Installing: /home/cch/ros_homework/install/image_msg/share/image_msg/cmake/image_msg__rosidl_typesupport_introspection_cExport-noconfig.cmake
[3.789s] -- Installing: /home/cch/ros_homework/install/image_msg/share/image_msg/cmake/image_msg__rosidl_typesupport_cExport.cmake
[3.789s] -- Installing: /home/cch/ros_homework/install/image_msg/share/image_msg/cmake/image_msg__rosidl_typesupport_cExport-noconfig.cmake
[3.789s] -- Installing: /home/cch/ros_homework/install/image_msg/share/image_msg/cmake/export_image_msg__rosidl_generator_cppExport.cmake
[3.789s] -- Installing: /home/cch/ros_homework/install/image_msg/share/image_msg/cmake/export_image_msg__rosidl_typesupport_fastrtps_cppExport.cmake
[3.789s] -- Installing: /home/cch/ros_homework/install/image_msg/share/image_msg/cmake/export_image_msg__rosidl_typesupport_fastrtps_cppExport-noconfig.cmake
[3.789s] -- Installing: /home/cch/ros_homework/install/image_msg/share/image_msg/cmake/image_msg__rosidl_typesupport_introspection_cppExport.cmake
[3.790s] -- Installing: /home/cch/ros_homework/install/image_msg/share/image_msg/cmake/image_msg__rosidl_typesupport_introspection_cppExport-noconfig.cmake
[3.790s] -- Installing: /home/cch/ros_homework/install/image_msg/share/image_msg/cmake/image_msg__rosidl_typesupport_cppExport.cmake
[3.790s] -- Installing: /home/cch/ros_homework/install/image_msg/share/image_msg/cmake/image_msg__rosidl_typesupport_cppExport-noconfig.cmake
[3.790s] -- Installing: /home/cch/ros_homework/install/image_msg/share/image_msg/cmake/export_image_msg__rosidl_generator_pyExport.cmake
[3.790s] -- Installing: /home/cch/ros_homework/install/image_msg/share/image_msg/cmake/export_image_msg__rosidl_generator_pyExport-noconfig.cmake
[3.790s] -- Installing: /home/cch/ros_homework/install/image_msg/share/image_msg/cmake/rosidl_cmake-extras.cmake
[3.790s] -- Installing: /home/cch/ros_homework/install/image_msg/share/image_msg/cmake/ament_cmake_export_include_directories-extras.cmake
[3.790s] -- Installing: /home/cch/ros_homework/install/image_msg/share/image_msg/cmake/ament_cmake_export_libraries-extras.cmake
[3.790s] -- Installing: /home/cch/ros_homework/install/image_msg/share/image_msg/cmake/ament_cmake_export_targets-extras.cmake
[3.790s] -- Installing: /home/cch/ros_homework/install/image_msg/share/image_msg/cmake/rosidl_cmake_export_typesupport_targets-extras.cmake
[3.790s] -- Installing: /home/cch/ros_homework/install/image_msg/share/image_msg/cmake/ament_cmake_export_dependencies-extras.cmake
[3.790s] -- Installing: /home/cch/ros_homework/install/image_msg/share/image_msg/cmake/rosidl_cmake_export_typesupport_libraries-extras.cmake
[3.790s] -- Installing: /home/cch/ros_homework/install/image_msg/share/image_msg/cmake/image_msgConfig.cmake
[3.790s] -- Installing: /home/cch/ros_homework/install/image_msg/share/image_msg/cmake/image_msgConfig-version.cmake
[3.790s] -- Installing: /home/cch/ros_homework/install/image_msg/share/image_msg/package.xml
[3.791s] Invoked command in '/home/cch/ros_homework/build/image_msg' returned '0': CMAKE_PREFIX_PATH=/opt/ros/humble /usr/bin/cmake --install /home/cch/ros_homework/build/image_msg
