[0.555s] DEBUG:colcon:Command line arguments: ['/usr/bin/colcon', 'build']
[0.555s] DEBUG:colcon:Parsed command line arguments: Namespace(log_base=None, log_level=None, verb_name='build', build_base='build', install_base='install', merge_install=False, symlink_install=False, test_result_base=None, continue_on_error=False, executor='parallel', parallel_workers=20, event_handlers=None, ignore_user_meta=False, metas=['./colcon.meta'], base_paths=['.'], packages_ignore=None, packages_ignore_regex=None, paths=None, packages_up_to=None, packages_up_to_regex=None, packages_above=None, packages_above_and_dependencies=None, packages_above_depth=None, packages_select_by_dep=None, packages_skip_by_dep=None, packages_skip_up_to=None, packages_select_build_failed=False, packages_skip_build_finished=False, packages_select_test_failures=False, packages_skip_test_passed=False, packages_select=None, packages_skip=None, packages_select_regex=None, packages_skip_regex=None, packages_start=None, packages_end=None, allow_overriding=[], cmake_args=None, cmake_target=None, cmake_target_skip_unavailable=False, cmake_clean_cache=False, cmake_clean_first=False, cmake_force_configure=False, ament_cmake_args=None, catkin_cmake_args=None, catkin_skip_building_tests=False, verb_parser=<colcon_defaults.argument_parser.defaults.DefaultArgumentsDecorator object at 0x7feb7f9cad10>, verb_extension=<colcon_core.verb.build.BuildVerb object at 0x7feb7fc798a0>, main=<bound method BuildVerb.main of <colcon_core.verb.build.BuildVerb object at 0x7feb7fc798a0>>)
[0.578s] Level 1:colcon.colcon_core.package_discovery:discover_packages(colcon_meta) check parameters
[0.578s] Level 1:colcon.colcon_core.package_discovery:discover_packages(recursive) check parameters
[0.578s] Level 1:colcon.colcon_core.package_discovery:discover_packages(ignore) check parameters
[0.578s] Level 1:colcon.colcon_core.package_discovery:discover_packages(path) check parameters
[0.578s] Level 1:colcon.colcon_core.package_discovery:discover_packages(colcon_meta) discover
[0.578s] Level 1:colcon.colcon_core.package_discovery:discover_packages(recursive) discover
[0.578s] INFO:colcon.colcon_core.package_discovery:Crawling recursively for packages in '/home/cch/ros_homework'
[0.578s] Level 1:colcon.colcon_core.package_identification:_identify(.) by extensions ['ignore', 'ignore_ament_install']
[0.578s] Level 1:colcon.colcon_core.package_identification:_identify(.) by extension 'ignore'
[0.578s] Level 1:colcon.colcon_core.package_identification:_identify(.) by extension 'ignore_ament_install'
[0.578s] Level 1:colcon.colcon_core.package_identification:_identify(.) by extensions ['colcon_pkg']
[0.578s] Level 1:colcon.colcon_core.package_identification:_identify(.) by extension 'colcon_pkg'
[0.578s] Level 1:colcon.colcon_core.package_identification:_identify(.) by extensions ['colcon_meta']
[0.578s] Level 1:colcon.colcon_core.package_identification:_identify(.) by extension 'colcon_meta'
[0.578s] Level 1:colcon.colcon_core.package_identification:_identify(.) by extensions ['ros']
[0.578s] Level 1:colcon.colcon_core.package_identification:_identify(.) by extension 'ros'
[0.586s] Level 1:colcon.colcon_core.package_identification:_identify(.) by extensions ['cmake', 'python']
[0.586s] Level 1:colcon.colcon_core.package_identification:_identify(.) by extension 'cmake'
[0.586s] Level 1:colcon.colcon_core.package_identification:_identify(.) by extension 'python'
[0.586s] Level 1:colcon.colcon_core.package_identification:_identify(.) by extensions ['python_setup_py']
[0.586s] Level 1:colcon.colcon_core.package_identification:_identify(.) by extension 'python_setup_py'
[0.586s] Level 1:colcon.colcon_core.package_identification:_identify(build) by extensions ['ignore', 'ignore_ament_install']
[0.586s] Level 1:colcon.colcon_core.package_identification:_identify(build) by extension 'ignore'
[0.586s] Level 1:colcon.colcon_core.package_identification:_identify(build) ignored
[0.586s] Level 1:colcon.colcon_core.package_identification:_identify(install) by extensions ['ignore', 'ignore_ament_install']
[0.587s] Level 1:colcon.colcon_core.package_identification:_identify(install) by extension 'ignore'
[0.587s] Level 1:colcon.colcon_core.package_identification:_identify(install) ignored
[0.587s] Level 1:colcon.colcon_core.package_identification:_identify(log) by extensions ['ignore', 'ignore_ament_install']
[0.587s] Level 1:colcon.colcon_core.package_identification:_identify(log) by extension 'ignore'
[0.587s] Level 1:colcon.colcon_core.package_identification:_identify(log) ignored
[0.587s] Level 1:colcon.colcon_core.package_identification:_identify(src) by extensions ['ignore', 'ignore_ament_install']
[0.587s] Level 1:colcon.colcon_core.package_identification:_identify(src) by extension 'ignore'
[0.587s] Level 1:colcon.colcon_core.package_identification:_identify(src) by extension 'ignore_ament_install'
[0.587s] Level 1:colcon.colcon_core.package_identification:_identify(src) by extensions ['colcon_pkg']
[0.587s] Level 1:colcon.colcon_core.package_identification:_identify(src) by extension 'colcon_pkg'
[0.587s] Level 1:colcon.colcon_core.package_identification:_identify(src) by extensions ['colcon_meta']
[0.587s] Level 1:colcon.colcon_core.package_identification:_identify(src) by extension 'colcon_meta'
[0.587s] Level 1:colcon.colcon_core.package_identification:_identify(src) by extensions ['ros']
[0.587s] Level 1:colcon.colcon_core.package_identification:_identify(src) by extension 'ros'
[0.587s] Level 1:colcon.colcon_core.package_identification:_identify(src) by extensions ['cmake', 'python']
[0.587s] Level 1:colcon.colcon_core.package_identification:_identify(src) by extension 'cmake'
[0.587s] Level 1:colcon.colcon_core.package_identification:_identify(src) by extension 'python'
[0.587s] Level 1:colcon.colcon_core.package_identification:_identify(src) by extensions ['python_setup_py']
[0.587s] Level 1:colcon.colcon_core.package_identification:_identify(src) by extension 'python_setup_py'
[0.587s] Level 1:colcon.colcon_core.package_identification:_identify(src/CannyRealTime) by extensions ['ignore', 'ignore_ament_install']
[0.587s] Level 1:colcon.colcon_core.package_identification:_identify(src/CannyRealTime) by extension 'ignore'
[0.587s] Level 1:colcon.colcon_core.package_identification:_identify(src/CannyRealTime) by extension 'ignore_ament_install'
[0.587s] Level 1:colcon.colcon_core.package_identification:_identify(src/CannyRealTime) by extensions ['colcon_pkg']
[0.587s] Level 1:colcon.colcon_core.package_identification:_identify(src/CannyRealTime) by extension 'colcon_pkg'
[0.587s] Level 1:colcon.colcon_core.package_identification:_identify(src/CannyRealTime) by extensions ['colcon_meta']
[0.587s] Level 1:colcon.colcon_core.package_identification:_identify(src/CannyRealTime) by extension 'colcon_meta'
[0.587s] Level 1:colcon.colcon_core.package_identification:_identify(src/CannyRealTime) by extensions ['ros']
[0.587s] Level 1:colcon.colcon_core.package_identification:_identify(src/CannyRealTime) by extension 'ros'
[0.589s] DEBUG:colcon.colcon_core.package_identification:Package 'src/CannyRealTime' with type 'ros.ament_python' and name 'CannyRealTime'
[0.589s] Level 1:colcon.colcon_core.package_identification:_identify(src/image_msg) by extensions ['ignore', 'ignore_ament_install']
[0.589s] Level 1:colcon.colcon_core.package_identification:_identify(src/image_msg) by extension 'ignore'
[0.589s] Level 1:colcon.colcon_core.package_identification:_identify(src/image_msg) by extension 'ignore_ament_install'
[0.589s] Level 1:colcon.colcon_core.package_identification:_identify(src/image_msg) by extensions ['colcon_pkg']
[0.589s] Level 1:colcon.colcon_core.package_identification:_identify(src/image_msg) by extension 'colcon_pkg'
[0.589s] Level 1:colcon.colcon_core.package_identification:_identify(src/image_msg) by extensions ['colcon_meta']
[0.589s] Level 1:colcon.colcon_core.package_identification:_identify(src/image_msg) by extension 'colcon_meta'
[0.589s] Level 1:colcon.colcon_core.package_identification:_identify(src/image_msg) by extensions ['ros']
[0.589s] Level 1:colcon.colcon_core.package_identification:_identify(src/image_msg) by extension 'ros'
[0.590s] DEBUG:colcon.colcon_core.package_identification:Package 'src/image_msg' with type 'ros.ament_cmake' and name 'image_msg'
[0.590s] Level 1:colcon.colcon_core.package_discovery:discover_packages(recursive) using defaults
[0.590s] Level 1:colcon.colcon_core.package_discovery:discover_packages(ignore) discover
[0.590s] Level 1:colcon.colcon_core.package_discovery:discover_packages(ignore) using defaults
[0.590s] Level 1:colcon.colcon_core.package_discovery:discover_packages(path) discover
[0.590s] Level 1:colcon.colcon_core.package_discovery:discover_packages(path) using defaults
[0.635s] Level 1:colcon.colcon_core.package_discovery:discover_packages(prefix_path) check parameters
[0.635s] Level 1:colcon.colcon_core.package_discovery:discover_packages(prefix_path) discover
[0.649s] DEBUG:colcon.colcon_installed_package_information.package_discovery:Found 2 installed packages in /home/cch/ros_homework/install
[0.656s] DEBUG:colcon.colcon_installed_package_information.package_discovery:Found 270 installed packages in /opt/ros/humble
[0.657s] Level 1:colcon.colcon_core.package_discovery:discover_packages(prefix_path) using defaults
[0.708s] Level 5:colcon.colcon_core.verb:set package 'CannyRealTime' build argument 'cmake_args' from command line to 'None'
[0.708s] Level 5:colcon.colcon_core.verb:set package 'CannyRealTime' build argument 'cmake_target' from command line to 'None'
[0.708s] Level 5:colcon.colcon_core.verb:set package 'CannyRealTime' build argument 'cmake_target_skip_unavailable' from command line to 'False'
[0.708s] Level 5:colcon.colcon_core.verb:set package 'CannyRealTime' build argument 'cmake_clean_cache' from command line to 'False'
[0.708s] Level 5:colcon.colcon_core.verb:set package 'CannyRealTime' build argument 'cmake_clean_first' from command line to 'False'
[0.708s] Level 5:colcon.colcon_core.verb:set package 'CannyRealTime' build argument 'cmake_force_configure' from command line to 'False'
[0.708s] Level 5:colcon.colcon_core.verb:set package 'CannyRealTime' build argument 'ament_cmake_args' from command line to 'None'
[0.708s] Level 5:colcon.colcon_core.verb:set package 'CannyRealTime' build argument 'catkin_cmake_args' from command line to 'None'
[0.708s] Level 5:colcon.colcon_core.verb:set package 'CannyRealTime' build argument 'catkin_skip_building_tests' from command line to 'False'
[0.708s] DEBUG:colcon.colcon_core.verb:Building package 'CannyRealTime' with the following arguments: {'ament_cmake_args': None, 'build_base': '/home/cch/ros_homework/build/CannyRealTime', 'catkin_cmake_args': None, 'catkin_skip_building_tests': False, 'cmake_args': None, 'cmake_clean_cache': False, 'cmake_clean_first': False, 'cmake_force_configure': False, 'cmake_target': None, 'cmake_target_skip_unavailable': False, 'install_base': '/home/cch/ros_homework/install/CannyRealTime', 'merge_install': False, 'path': '/home/cch/ros_homework/src/CannyRealTime', 'symlink_install': False, 'test_result_base': None}
[0.714s] Level 5:colcon.colcon_core.verb:set package 'image_msg' build argument 'cmake_args' from command line to 'None'
[0.714s] Level 5:colcon.colcon_core.verb:set package 'image_msg' build argument 'cmake_target' from command line to 'None'
[0.714s] Level 5:colcon.colcon_core.verb:set package 'image_msg' build argument 'cmake_target_skip_unavailable' from command line to 'False'
[0.714s] Level 5:colcon.colcon_core.verb:set package 'image_msg' build argument 'cmake_clean_cache' from command line to 'False'
[0.714s] Level 5:colcon.colcon_core.verb:set package 'image_msg' build argument 'cmake_clean_first' from command line to 'False'
[0.714s] Level 5:colcon.colcon_core.verb:set package 'image_msg' build argument 'cmake_force_configure' from command line to 'False'
[0.714s] Level 5:colcon.colcon_core.verb:set package 'image_msg' build argument 'ament_cmake_args' from command line to 'None'
[0.714s] Level 5:colcon.colcon_core.verb:set package 'image_msg' build argument 'catkin_cmake_args' from command line to 'None'
[0.714s] Level 5:colcon.colcon_core.verb:set package 'image_msg' build argument 'catkin_skip_building_tests' from command line to 'False'
[0.714s] DEBUG:colcon.colcon_core.verb:Building package 'image_msg' with the following arguments: {'ament_cmake_args': None, 'build_base': '/home/cch/ros_homework/build/image_msg', 'catkin_cmake_args': None, 'catkin_skip_building_tests': False, 'cmake_args': None, 'cmake_clean_cache': False, 'cmake_clean_first': False, 'cmake_force_configure': False, 'cmake_target': None, 'cmake_target_skip_unavailable': False, 'install_base': '/home/cch/ros_homework/install/image_msg', 'merge_install': False, 'path': '/home/cch/ros_homework/src/image_msg', 'symlink_install': False, 'test_result_base': None}
[0.721s] INFO:colcon.colcon_core.executor:Executing jobs using 'parallel' executor
[0.727s] DEBUG:colcon.colcon_parallel_executor.executor.parallel:run_until_complete
[0.727s] INFO:colcon.colcon_ros.task.ament_python.build:Building ROS package in '/home/cch/ros_homework/src/CannyRealTime' with build type 'ament_python'
[0.727s] Level 1:colcon.colcon_core.shell:create_environment_hook('CannyRealTime', 'ament_prefix_path')
[0.735s] INFO:colcon.colcon_core.plugin_system:Skipping extension 'colcon_core.shell.bat': Not used on non-Windows systems
[0.735s] INFO:colcon.colcon_core.shell:Creating environment hook '/home/cch/ros_homework/install/CannyRealTime/share/CannyRealTime/hook/ament_prefix_path.ps1'
[0.736s] INFO:colcon.colcon_core.shell:Creating environment descriptor '/home/cch/ros_homework/install/CannyRealTime/share/CannyRealTime/hook/ament_prefix_path.dsv'
[0.736s] INFO:colcon.colcon_core.shell:Creating environment hook '/home/cch/ros_homework/install/CannyRealTime/share/CannyRealTime/hook/ament_prefix_path.sh'
[0.743s] INFO:colcon.colcon_core.shell:Skip shell extension 'powershell' for command environment: Not usable outside of PowerShell
[0.743s] DEBUG:colcon.colcon_core.shell:Skip shell extension 'dsv' for command environment
[0.763s] INFO:colcon.colcon_ros.task.ament_cmake.build:Building ROS package in '/home/cch/ros_homework/src/image_msg' with build type 'ament_cmake'
[0.763s] INFO:colcon.colcon_cmake.task.cmake.build:Building CMake package in '/home/cch/ros_homework/src/image_msg'
[0.770s] INFO:colcon.colcon_core.shell:Skip shell extension 'powershell' for command environment: Not usable outside of PowerShell
[0.770s] DEBUG:colcon.colcon_core.shell:Skip shell extension 'dsv' for command environment
[0.926s] INFO:colcon.colcon_core.task.python.build:Building Python package in '/home/cch/ros_homework/src/CannyRealTime'
[0.933s] INFO:colcon.colcon_core.shell:Skip shell extension 'powershell' for command environment: Not usable outside of PowerShell
[0.933s] DEBUG:colcon.colcon_core.shell:Skip shell extension 'dsv' for command environment
[0.959s] DEBUG:colcon.colcon_core.event_handler.log_command:Invoking command in '/home/cch/ros_homework/build/image_msg': CMAKE_PREFIX_PATH=${CMAKE_PREFIX_PATH}:/home/cch/ros_homework/install/CannyRealTime:/opt/ros/humble /usr/bin/cmake --build /home/cch/ros_homework/build/image_msg -- -j20 -l20
[1.134s] DEBUG:colcon.colcon_core.event_handler.log_command:Invoked command in '/home/cch/ros_homework/build/image_msg' returned '0': CMAKE_PREFIX_PATH=${CMAKE_PREFIX_PATH}:/home/cch/ros_homework/install/CannyRealTime:/opt/ros/humble /usr/bin/cmake --build /home/cch/ros_homework/build/image_msg -- -j20 -l20
[1.140s] DEBUG:colcon.colcon_core.event_handler.log_command:Invoking command in '/home/cch/ros_homework/src/CannyRealTime': PYTHONPATH=/home/cch/ros_homework/build/CannyRealTime/prefix_override:/home/cch/ros_homework/install/CannyRealTime/lib/python3.10/site-packages:${PYTHONPATH} /usr/bin/python3 setup.py egg_info --egg-base ../../build/CannyRealTime build --build-base /home/cch/ros_homework/build/CannyRealTime/build install --record /home/cch/ros_homework/build/CannyRealTime/install.log --single-version-externally-managed
[1.165s] DEBUG:colcon.colcon_core.event_handler.log_command:Invoking command in '/home/cch/ros_homework/build/image_msg': CMAKE_PREFIX_PATH=${CMAKE_PREFIX_PATH}:/home/cch/ros_homework/install/CannyRealTime:/opt/ros/humble /usr/bin/cmake --install /home/cch/ros_homework/build/image_msg
[1.197s] Level 1:colcon.colcon_core.environment:create_environment_scripts_only(image_msg)
[1.198s] DEBUG:colcon.colcon_core.event_handler.log_command:Invoked command in '/home/cch/ros_homework/build/image_msg' returned '0': CMAKE_PREFIX_PATH=${CMAKE_PREFIX_PATH}:/home/cch/ros_homework/install/CannyRealTime:/opt/ros/humble /usr/bin/cmake --install /home/cch/ros_homework/build/image_msg
[1.205s] Level 1:colcon.colcon_core.environment:checking '/home/cch/ros_homework/install/image_msg' for CMake module files
[1.205s] Level 1:colcon.colcon_core.environment:checking '/home/cch/ros_homework/install/image_msg' for CMake config files
[1.206s] Level 1:colcon.colcon_core.shell:create_environment_hook('image_msg', 'cmake_prefix_path')
[1.212s] INFO:colcon.colcon_core.shell:Creating environment hook '/home/cch/ros_homework/install/image_msg/share/image_msg/hook/cmake_prefix_path.ps1'
[1.212s] INFO:colcon.colcon_core.shell:Creating environment descriptor '/home/cch/ros_homework/install/image_msg/share/image_msg/hook/cmake_prefix_path.dsv'
[1.213s] INFO:colcon.colcon_core.shell:Creating environment hook '/home/cch/ros_homework/install/image_msg/share/image_msg/hook/cmake_prefix_path.sh'
[1.213s] Level 1:colcon.colcon_core.environment:checking '/home/cch/ros_homework/install/image_msg/lib'
[1.213s] Level 1:colcon.colcon_core.shell:create_environment_hook('image_msg', 'ld_library_path_lib')
[1.220s] INFO:colcon.colcon_core.shell:Creating environment hook '/home/cch/ros_homework/install/image_msg/share/image_msg/hook/ld_library_path_lib.ps1'
[1.220s] INFO:colcon.colcon_core.shell:Creating environment descriptor '/home/cch/ros_homework/install/image_msg/share/image_msg/hook/ld_library_path_lib.dsv'
[1.220s] INFO:colcon.colcon_core.shell:Creating environment hook '/home/cch/ros_homework/install/image_msg/share/image_msg/hook/ld_library_path_lib.sh'
[1.220s] Level 1:colcon.colcon_core.environment:checking '/home/cch/ros_homework/install/image_msg/bin'
[1.220s] Level 1:colcon.colcon_core.environment:checking '/home/cch/ros_homework/install/image_msg/lib/pkgconfig/image_msg.pc'
[1.220s] Level 1:colcon.colcon_core.environment:checking '/home/cch/ros_homework/install/image_msg/lib/python3.10/site-packages'
[1.221s] Level 1:colcon.colcon_core.environment:checking '/home/cch/ros_homework/install/image_msg/bin'
[1.227s] INFO:colcon.colcon_core.shell:Creating package script '/home/cch/ros_homework/install/image_msg/share/image_msg/package.ps1'
[1.228s] INFO:colcon.colcon_core.shell:Creating package descriptor '/home/cch/ros_homework/install/image_msg/share/image_msg/package.dsv'
[1.228s] INFO:colcon.colcon_core.shell:Creating package script '/home/cch/ros_homework/install/image_msg/share/image_msg/package.sh'
[1.229s] INFO:colcon.colcon_core.shell:Creating package script '/home/cch/ros_homework/install/image_msg/share/image_msg/package.bash'
[1.229s] INFO:colcon.colcon_core.shell:Creating package script '/home/cch/ros_homework/install/image_msg/share/image_msg/package.zsh'
[1.230s] Level 1:colcon.colcon_core.environment:create_file_with_runtime_dependencies(/home/cch/ros_homework/install/image_msg/share/colcon-core/packages/image_msg)
[1.260s] Level 1:colcon.colcon_core.environment:create_environment_scripts_only(image_msg)
[1.269s] Level 1:colcon.colcon_core.environment:checking '/home/cch/ros_homework/install/image_msg' for CMake module files
[1.271s] Level 1:colcon.colcon_core.environment:checking '/home/cch/ros_homework/install/image_msg' for CMake config files
[1.272s] Level 1:colcon.colcon_core.shell:create_environment_hook('image_msg', 'cmake_prefix_path')
[1.278s] INFO:colcon.colcon_core.shell:Creating environment hook '/home/cch/ros_homework/install/image_msg/share/image_msg/hook/cmake_prefix_path.ps1'
[1.279s] INFO:colcon.colcon_core.shell:Creating environment descriptor '/home/cch/ros_homework/install/image_msg/share/image_msg/hook/cmake_prefix_path.dsv'
[1.279s] INFO:colcon.colcon_core.shell:Creating environment hook '/home/cch/ros_homework/install/image_msg/share/image_msg/hook/cmake_prefix_path.sh'
[1.279s] Level 1:colcon.colcon_core.environment:checking '/home/cch/ros_homework/install/image_msg/lib'
[1.279s] Level 1:colcon.colcon_core.shell:create_environment_hook('image_msg', 'ld_library_path_lib')
[1.287s] INFO:colcon.colcon_core.shell:Creating environment hook '/home/cch/ros_homework/install/image_msg/share/image_msg/hook/ld_library_path_lib.ps1'
[1.288s] INFO:colcon.colcon_core.shell:Creating environment descriptor '/home/cch/ros_homework/install/image_msg/share/image_msg/hook/ld_library_path_lib.dsv'
[1.288s] INFO:colcon.colcon_core.shell:Creating environment hook '/home/cch/ros_homework/install/image_msg/share/image_msg/hook/ld_library_path_lib.sh'
[1.288s] Level 1:colcon.colcon_core.environment:checking '/home/cch/ros_homework/install/image_msg/bin'
[1.288s] Level 1:colcon.colcon_core.environment:checking '/home/cch/ros_homework/install/image_msg/lib/pkgconfig/image_msg.pc'
[1.289s] Level 1:colcon.colcon_core.environment:checking '/home/cch/ros_homework/install/image_msg/lib/python3.10/site-packages'
[1.289s] Level 1:colcon.colcon_core.environment:checking '/home/cch/ros_homework/install/image_msg/bin'
[1.295s] INFO:colcon.colcon_core.shell:Creating package script '/home/cch/ros_homework/install/image_msg/share/image_msg/package.ps1'
[1.296s] INFO:colcon.colcon_core.shell:Creating package descriptor '/home/cch/ros_homework/install/image_msg/share/image_msg/package.dsv'
[1.296s] INFO:colcon.colcon_core.shell:Creating package script '/home/cch/ros_homework/install/image_msg/share/image_msg/package.sh'
[1.296s] INFO:colcon.colcon_core.shell:Creating package script '/home/cch/ros_homework/install/image_msg/share/image_msg/package.bash'
[1.296s] INFO:colcon.colcon_core.shell:Creating package script '/home/cch/ros_homework/install/image_msg/share/image_msg/package.zsh'
[1.296s] Level 1:colcon.colcon_core.environment:create_file_with_runtime_dependencies(/home/cch/ros_homework/install/image_msg/share/colcon-core/packages/image_msg)
[1.299s] DEBUG:colcon.colcon_core.event_handler.log_command:Invoked command in '/home/cch/ros_homework/src/CannyRealTime' returned '0': PYTHONPATH=/home/cch/ros_homework/build/CannyRealTime/prefix_override:/home/cch/ros_homework/install/CannyRealTime/lib/python3.10/site-packages:${PYTHONPATH} /usr/bin/python3 setup.py egg_info --egg-base ../../build/CannyRealTime build --build-base /home/cch/ros_homework/build/CannyRealTime/build install --record /home/cch/ros_homework/build/CannyRealTime/install.log --single-version-externally-managed
[1.305s] Level 1:colcon.colcon_core.environment:checking '/home/cch/ros_homework/install/CannyRealTime' for CMake module files
[1.305s] Level 1:colcon.colcon_core.environment:checking '/home/cch/ros_homework/install/CannyRealTime' for CMake config files
[1.306s] Level 1:colcon.colcon_core.environment:checking '/home/cch/ros_homework/install/CannyRealTime/lib'
[1.306s] Level 1:colcon.colcon_core.environment:checking '/home/cch/ros_homework/install/CannyRealTime/bin'
[1.306s] Level 1:colcon.colcon_core.environment:checking '/home/cch/ros_homework/install/CannyRealTime/lib/pkgconfig/CannyRealTime.pc'
[1.306s] Level 1:colcon.colcon_core.environment:checking '/home/cch/ros_homework/install/CannyRealTime/lib/python3.10/site-packages'
[1.306s] Level 1:colcon.colcon_core.shell:create_environment_hook('CannyRealTime', 'pythonpath')
[1.312s] INFO:colcon.colcon_core.shell:Creating environment hook '/home/cch/ros_homework/install/CannyRealTime/share/CannyRealTime/hook/pythonpath.ps1'
[1.313s] INFO:colcon.colcon_core.shell:Creating environment descriptor '/home/cch/ros_homework/install/CannyRealTime/share/CannyRealTime/hook/pythonpath.dsv'
[1.313s] INFO:colcon.colcon_core.shell:Creating environment hook '/home/cch/ros_homework/install/CannyRealTime/share/CannyRealTime/hook/pythonpath.sh'
[1.313s] Level 1:colcon.colcon_core.environment:checking '/home/cch/ros_homework/install/CannyRealTime/bin'
[1.313s] Level 1:colcon.colcon_core.environment:create_environment_scripts_only(CannyRealTime)
[1.320s] INFO:colcon.colcon_core.shell:Creating package script '/home/cch/ros_homework/install/CannyRealTime/share/CannyRealTime/package.ps1'
[1.320s] INFO:colcon.colcon_core.shell:Creating package descriptor '/home/cch/ros_homework/install/CannyRealTime/share/CannyRealTime/package.dsv'
[1.320s] INFO:colcon.colcon_core.shell:Creating package script '/home/cch/ros_homework/install/CannyRealTime/share/CannyRealTime/package.sh'
[1.321s] INFO:colcon.colcon_core.shell:Creating package script '/home/cch/ros_homework/install/CannyRealTime/share/CannyRealTime/package.bash'
[1.321s] INFO:colcon.colcon_core.shell:Creating package script '/home/cch/ros_homework/install/CannyRealTime/share/CannyRealTime/package.zsh'
[1.321s] Level 1:colcon.colcon_core.environment:create_file_with_runtime_dependencies(/home/cch/ros_homework/install/CannyRealTime/share/colcon-core/packages/CannyRealTime)
[1.321s] DEBUG:colcon.colcon_parallel_executor.executor.parallel:closing loop
[1.321s] DEBUG:colcon.colcon_parallel_executor.executor.parallel:loop closed
[1.322s] DEBUG:colcon.colcon_parallel_executor.executor.parallel:run_until_complete finished with '0'
[1.322s] DEBUG:colcon.colcon_core.event_reactor:joining thread
[1.369s] INFO:colcon.colcon_core.plugin_system:Skipping extension 'colcon_notification.desktop_notification.notify_send': Could not find 'notify-send'
[1.369s] INFO:colcon.colcon_core.plugin_system:Skipping extension 'colcon_notification.desktop_notification.terminal_notifier': Not used on non-Darwin systems
[1.370s] INFO:colcon.colcon_core.plugin_system:Skipping extension 'colcon_notification.desktop_notification.win32': Not used on non-Windows systems
[1.370s] INFO:colcon.colcon_notification.desktop_notification:Sending desktop notification using 'notify2'
[1.371s] DEBUG:colcon.colcon_notification.desktop_notification.notify2:Failed to initialize notify2: org.freedesktop.DBus.Error.ServiceUnknown: The name org.freedesktop.Notifications was not provided by any .service files
[1.371s] DEBUG:colcon.colcon_core.event_reactor:joined thread
[1.384s] INFO:colcon.colcon_core.shell:Creating prefix script '/home/cch/ros_homework/install/local_setup.ps1'
[1.384s] INFO:colcon.colcon_core.shell:Creating prefix util module '/home/cch/ros_homework/install/_local_setup_util_ps1.py'
[1.385s] INFO:colcon.colcon_core.shell:Creating prefix chain script '/home/cch/ros_homework/install/setup.ps1'
[1.393s] INFO:colcon.colcon_core.shell:Creating prefix script '/home/cch/ros_homework/install/local_setup.sh'
[1.393s] INFO:colcon.colcon_core.shell:Creating prefix util module '/home/cch/ros_homework/install/_local_setup_util_sh.py'
[1.393s] INFO:colcon.colcon_core.shell:Creating prefix chain script '/home/cch/ros_homework/install/setup.sh'
[1.400s] INFO:colcon.colcon_core.shell:Creating prefix script '/home/cch/ros_homework/install/local_setup.bash'
[1.400s] INFO:colcon.colcon_core.shell:Creating prefix chain script '/home/cch/ros_homework/install/setup.bash'
[1.408s] INFO:colcon.colcon_core.shell:Creating prefix script '/home/cch/ros_homework/install/local_setup.zsh'
[1.408s] INFO:colcon.colcon_core.shell:Creating prefix chain script '/home/cch/ros_homework/install/setup.zsh'
