[0.529s] Invoking command in '/home/cch/ros_homework/src/CannyRealTime': AMENT_PREFIX_PATH=/home/cch/ros_homework/install/image_msg:${AMENT_PREFIX_PATH} CMAKE_PREFIX_PATH=/home/cch/ros_homework/install/image_msg LD_LIBRARY_PATH=/home/cch/ros_homework/install/image_msg/lib:${LD_LIBRARY_PATH} PYTHONPATH=/home/cch/ros_homework/build/CannyRealTime/prefix_override:/home/cch/ros_homework/install/CannyRealTime/lib/python3.10/site-packages:/home/cch/ros_homework/install/image_msg/local/lib/python3.10/dist-packages:${PYTHONPATH} /usr/bin/python3 setup.py egg_info --egg-base ../../build/CannyRealTime build --build-base /home/cch/ros_homework/build/CannyRealTime/build install --record /home/cch/ros_homework/build/CannyRealTime/install.log --single-version-externally-managed
[0.653s] running egg_info
[0.654s] writing ../../build/CannyRealTime/CannyRealTime.egg-info/PKG-INFO
[0.654s] writing dependency_links to ../../build/CannyRealTime/CannyRealTime.egg-info/dependency_links.txt
[0.654s] writing entry points to ../../build/CannyRealTime/CannyRealTime.egg-info/entry_points.txt
[0.654s] writing requirements to ../../build/CannyRealTime/CannyRealTime.egg-info/requires.txt
[0.654s] writing top-level names to ../../build/CannyRealTime/CannyRealTime.egg-info/top_level.txt
[0.655s] reading manifest file '../../build/CannyRealTime/CannyRealTime.egg-info/SOURCES.txt'
[0.656s] writing manifest file '../../build/CannyRealTime/CannyRealTime.egg-info/SOURCES.txt'
[0.656s] running build
[0.656s] running build_py
[0.656s] copying CannyRealTime/camera.py -> /home/cch/ros_homework/build/CannyRealTime/build/lib/CannyRealTime
[0.657s] running install
[0.657s] /usr/lib/python3/dist-packages/setuptools/command/install.py:34: SetuptoolsDeprecationWarning: setup.py install is deprecated. Use build and pip and other standards-based tools.
[0.657s]   warnings.warn(
[0.657s] running install_lib
[0.658s] copying /home/cch/ros_homework/build/CannyRealTime/build/lib/CannyRealTime/camera.py -> /home/cch/ros_homework/install/CannyRealTime/lib/python3.10/site-packages/CannyRealTime
[0.658s] byte-compiling /home/cch/ros_homework/install/CannyRealTime/lib/python3.10/site-packages/CannyRealTime/camera.py to camera.cpython-310.pyc
[0.659s] running install_data
[0.659s] running install_egg_info
[0.660s] removing '/home/cch/ros_homework/install/CannyRealTime/lib/python3.10/site-packages/CannyRealTime-0.0.0-py3.10.egg-info' (and everything under it)
[0.660s] Copying ../../build/CannyRealTime/CannyRealTime.egg-info to /home/cch/ros_homework/install/CannyRealTime/lib/python3.10/site-packages/CannyRealTime-0.0.0-py3.10.egg-info
[0.661s] running install_scripts
[0.673s] Installing camera script to /home/cch/ros_homework/install/CannyRealTime/lib/CannyRealTime
[0.673s] Installing fsm script to /home/cch/ros_homework/install/CannyRealTime/lib/CannyRealTime
[0.674s] writing list of installed files to '/home/cch/ros_homework/build/CannyRealTime/install.log'
[0.686s] Invoked command in '/home/cch/ros_homework/src/CannyRealTime' returned '0': AMENT_PREFIX_PATH=/home/cch/ros_homework/install/image_msg:${AMENT_PREFIX_PATH} CMAKE_PREFIX_PATH=/home/cch/ros_homework/install/image_msg LD_LIBRARY_PATH=/home/cch/ros_homework/install/image_msg/lib:${LD_LIBRARY_PATH} PYTHONPATH=/home/cch/ros_homework/build/CannyRealTime/prefix_override:/home/cch/ros_homework/install/CannyRealTime/lib/python3.10/site-packages:/home/cch/ros_homework/install/image_msg/local/lib/python3.10/dist-packages:${PYTHONPATH} /usr/bin/python3 setup.py egg_info --egg-base ../../build/CannyRealTime build --build-base /home/cch/ros_homework/build/CannyRealTime/build install --record /home/cch/ros_homework/build/CannyRealTime/install.log --single-version-externally-managed
