[0.524s] Invoking command in '/home/cch/ros_homework/src/CannyRealTime': CONDA_PROMPT_MODIFIER=(base) PYTHONPATH=/home/cch/ros_homework/build/CannyRealTime/prefix_override:/home/cch/ros_homework/install/CannyRealTime/lib/python3.10/site-packages:${PYTHONPATH} /usr/bin/python3 setup.py egg_info --egg-base ../../build/CannyRealTime build --build-base /home/cch/ros_homework/build/CannyRealTime/build install --record /home/cch/ros_homework/build/CannyRealTime/install.log --single-version-externally-managed
[0.644s] running egg_info
[0.644s] writing ../../build/CannyRealTime/CannyRealTime.egg-info/PKG-INFO
[0.644s] writing dependency_links to ../../build/CannyRealTime/CannyRealTime.egg-info/dependency_links.txt
[0.645s] writing entry points to ../../build/CannyRealTime/CannyRealTime.egg-info/entry_points.txt
[0.645s] writing requirements to ../../build/CannyRealTime/CannyRealTime.egg-info/requires.txt
[0.645s] writing top-level names to ../../build/CannyRealTime/CannyRealTime.egg-info/top_level.txt
[0.646s] reading manifest file '../../build/CannyRealTime/CannyRealTime.egg-info/SOURCES.txt'
[0.646s] writing manifest file '../../build/CannyRealTime/CannyRealTime.egg-info/SOURCES.txt'
[0.647s] running build
[0.647s] running build_py
[0.647s] copying CannyRealTime/camera.py -> /home/cch/ros_homework/build/CannyRealTime/build/lib/CannyRealTime
[0.647s] running install
[0.647s] /usr/lib/python3/dist-packages/setuptools/command/install.py:34: SetuptoolsDeprecationWarning: setup.py install is deprecated. Use build and pip and other standards-based tools.
[0.647s]   warnings.warn(
[0.647s] running install_lib
[0.648s] copying /home/cch/ros_homework/build/CannyRealTime/build/lib/CannyRealTime/camera.py -> /home/cch/ros_homework/install/CannyRealTime/lib/python3.10/site-packages/CannyRealTime
[0.648s] byte-compiling /home/cch/ros_homework/install/CannyRealTime/lib/python3.10/site-packages/CannyRealTime/camera.py to camera.cpython-310.pyc
[0.649s] running install_data
[0.649s] running install_egg_info
[0.650s] removing '/home/cch/ros_homework/install/CannyRealTime/lib/python3.10/site-packages/CannyRealTime-0.0.0-py3.10.egg-info' (and everything under it)
[0.651s] Copying ../../build/CannyRealTime/CannyRealTime.egg-info to /home/cch/ros_homework/install/CannyRealTime/lib/python3.10/site-packages/CannyRealTime-0.0.0-py3.10.egg-info
[0.652s] running install_scripts
[0.665s] Installing camera script to /home/cch/ros_homework/install/CannyRealTime/lib/CannyRealTime
[0.665s] Installing fsm script to /home/cch/ros_homework/install/CannyRealTime/lib/CannyRealTime
[0.665s] writing list of installed files to '/home/cch/ros_homework/build/CannyRealTime/install.log'
[0.679s] Invoked command in '/home/cch/ros_homework/src/CannyRealTime' returned '0': CONDA_PROMPT_MODIFIER=(base) PYTHONPATH=/home/cch/ros_homework/build/CannyRealTime/prefix_override:/home/cch/ros_homework/install/CannyRealTime/lib/python3.10/site-packages:${PYTHONPATH} /usr/bin/python3 setup.py egg_info --egg-base ../../build/CannyRealTime build --build-base /home/cch/ros_homework/build/CannyRealTime/build install --record /home/cch/ros_homework/build/CannyRealTime/install.log --single-version-externally-managed
