[0.406s] Invoking command in '/home/cch/ros_homework/src/CannyRealTime': PYTHONPATH=/home/cch/ros_homework/build/CannyRealTime/prefix_override:/home/cch/ros_homework/install/CannyRealTime/lib/python3.10/site-packages:${PYTHONPATH} /usr/bin/python3 setup.py egg_info --egg-base ../../build/CannyRealTime build --build-base /home/cch/ros_homework/build/CannyRealTime/build install --record /home/cch/ros_homework/build/CannyRealTime/install.log --single-version-externally-managed
[0.539s] running egg_info
[0.539s] writing ../../build/CannyRealTime/CannyRealTime.egg-info/PKG-INFO
[0.539s] writing dependency_links to ../../build/CannyRealTime/CannyRealTime.egg-info/dependency_links.txt
[0.539s] writing entry points to ../../build/CannyRealTime/CannyRealTime.egg-info/entry_points.txt
[0.539s] writing requirements to ../../build/CannyRealTime/CannyRealTime.egg-info/requires.txt
[0.539s] writing top-level names to ../../build/CannyRealTime/CannyRealTime.egg-info/top_level.txt
[0.541s] reading manifest file '../../build/CannyRealTime/CannyRealTime.egg-info/SOURCES.txt'
[0.542s] writing manifest file '../../build/CannyRealTime/CannyRealTime.egg-info/SOURCES.txt'
[0.542s] running build
[0.542s] running build_py
[0.543s] running install
[0.543s] /usr/lib/python3/dist-packages/setuptools/command/install.py:34: SetuptoolsDeprecationWarning: setup.py install is deprecated. Use build and pip and other standards-based tools.
[0.543s]   warnings.warn(
[0.543s] running install_lib
[0.544s] running install_data
[0.544s] copying package.xml -> /home/cch/ros_homework/install/CannyRealTime/share/CannyRealTime
[0.544s] creating /home/cch/ros_homework/install/CannyRealTime/share/CannyRealTime/launch
[0.544s] copying launch/launch.py -> /home/cch/ros_homework/install/CannyRealTime/share/CannyRealTime/launch
[0.544s] running install_egg_info
[0.544s] removing '/home/cch/ros_homework/install/CannyRealTime/lib/python3.10/site-packages/CannyRealTime-0.0.0-py3.10.egg-info' (and everything under it)
[0.544s] Copying ../../build/CannyRealTime/CannyRealTime.egg-info to /home/cch/ros_homework/install/CannyRealTime/lib/python3.10/site-packages/CannyRealTime-0.0.0-py3.10.egg-info
[0.544s] running install_scripts
[0.558s] Installing camera script to /home/cch/ros_homework/install/CannyRealTime/lib/CannyRealTime
[0.558s] Installing fsm script to /home/cch/ros_homework/install/CannyRealTime/lib/CannyRealTime
[0.558s] writing list of installed files to '/home/cch/ros_homework/build/CannyRealTime/install.log'
[0.571s] Invoked command in '/home/cch/ros_homework/src/CannyRealTime' returned '0': PYTHONPATH=/home/cch/ros_homework/build/CannyRealTime/prefix_override:/home/cch/ros_homework/install/CannyRealTime/lib/python3.10/site-packages:${PYTHONPATH} /usr/bin/python3 setup.py egg_info --egg-base ../../build/CannyRealTime build --build-base /home/cch/ros_homework/build/CannyRealTime/build install --record /home/cch/ros_homework/build/CannyRealTime/install.log --single-version-externally-managed
