running egg_info
writing ../../build/CannyRealTime/CannyRealTime.egg-info/PKG-INFO
writing dependency_links to ../../build/CannyRealTime/CannyRealTime.egg-info/dependency_links.txt
writing entry points to ../../build/CannyRealTime/CannyRealTime.egg-info/entry_points.txt
writing requirements to ../../build/CannyRealTime/CannyRealTime.egg-info/requires.txt
writing top-level names to ../../build/CannyRealTime/CannyRealTime.egg-info/top_level.txt
reading manifest file '../../build/CannyRealTime/CannyRealTime.egg-info/SOURCES.txt'
writing manifest file '../../build/CannyRealTime/CannyRealTime.egg-info/SOURCES.txt'
running build
running build_py
running install
/usr/lib/python3/dist-packages/setuptools/command/install.py:34: SetuptoolsDeprecationWarning: setup.py install is deprecated. Use build and pip and other standards-based tools.
  warnings.warn(
running install_lib
running install_data
copying launch/launch.py -> /home/cch/ros_homework/install/CannyRealTime/share/CannyRealTime/launch
running install_egg_info
removing '/home/cch/ros_homework/install/CannyRealTime/lib/python3.10/site-packages/CannyRealTime-0.0.0-py3.10.egg-info' (and everything under it)
Copying ../../build/CannyRealTime/CannyRealTime.egg-info to /home/cch/ros_homework/install/CannyRealTime/lib/python3.10/site-packages/CannyRealTime-0.0.0-py3.10.egg-info
running install_scripts
Installing camera script to /home/cch/ros_homework/install/CannyRealTime/lib/CannyRealTime
Installing fsm script to /home/cch/ros_homework/install/CannyRealTime/lib/CannyRealTime
writing list of installed files to '/home/cch/ros_homework/build/CannyRealTime/install.log'
