[0.426s] Invoking command in '/home/cch/ros_homework/src/CannyRealTime': PYTHONPATH=/home/cch/ros_homework/build/CannyRealTime/prefix_override:/home/cch/ros_homework/install/CannyRealTime/lib/python3.10/site-packages:${PYTHONPATH} /usr/bin/python3 setup.py egg_info --egg-base ../../build/CannyRealTime build --build-base /home/cch/ros_homework/build/CannyRealTime/build install --record /home/cch/ros_homework/build/CannyRealTime/install.log --single-version-externally-managed
[0.554s] running egg_info
[0.556s] writing ../../build/CannyRealTime/CannyRealTime.egg-info/PKG-INFO
[0.557s] writing dependency_links to ../../build/CannyRealTime/CannyRealTime.egg-info/dependency_links.txt
[0.558s] writing entry points to ../../build/CannyRealTime/CannyRealTime.egg-info/entry_points.txt
[0.559s] writing requirements to ../../build/CannyRealTime/CannyRealTime.egg-info/requires.txt
[0.559s] writing top-level names to ../../build/CannyRealTime/CannyRealTime.egg-info/top_level.txt
[0.559s] reading manifest file '../../build/CannyRealTime/CannyRealTime.egg-info/SOURCES.txt'
[0.559s] writing manifest file '../../build/CannyRealTime/CannyRealTime.egg-info/SOURCES.txt'
[0.559s] running build
[0.559s] running build_py
[0.559s] running install
[0.559s] /usr/lib/python3/dist-packages/setuptools/command/install.py:34: SetuptoolsDeprecationWarning: setup.py install is deprecated. Use build and pip and other standards-based tools.
[0.559s]   warnings.warn(
[0.559s] running install_lib
[0.559s] running install_data
[0.559s] copying launch/launch.py -> /home/cch/ros_homework/install/CannyRealTime/share/CannyRealTime/launch
[0.560s] running install_egg_info
[0.560s] removing '/home/cch/ros_homework/install/CannyRealTime/lib/python3.10/site-packages/CannyRealTime-0.0.0-py3.10.egg-info' (and everything under it)
[0.560s] Copying ../../build/CannyRealTime/CannyRealTime.egg-info to /home/cch/ros_homework/install/CannyRealTime/lib/python3.10/site-packages/CannyRealTime-0.0.0-py3.10.egg-info
[0.560s] running install_scripts
[0.573s] Installing camera script to /home/cch/ros_homework/install/CannyRealTime/lib/CannyRealTime
[0.573s] Installing fsm script to /home/cch/ros_homework/install/CannyRealTime/lib/CannyRealTime
[0.573s] writing list of installed files to '/home/cch/ros_homework/build/CannyRealTime/install.log'
[0.586s] Invoked command in '/home/cch/ros_homework/src/CannyRealTime' returned '0': PYTHONPATH=/home/cch/ros_homework/build/CannyRealTime/prefix_override:/home/cch/ros_homework/install/CannyRealTime/lib/python3.10/site-packages:${PYTHONPATH} /usr/bin/python3 setup.py egg_info --egg-base ../../build/CannyRealTime build --build-base /home/cch/ros_homework/build/CannyRealTime/build install --record /home/cch/ros_homework/build/CannyRealTime/install.log --single-version-externally-managed
