[0.656s] DEBUG:colcon:Command line arguments: ['/usr/bin/colcon', 'build']
[0.656s] DEBUG:colcon:Parsed command line arguments: Namespace(log_base=None, log_level=None, verb_name='build', build_base='build', install_base='install', merge_install=False, symlink_install=False, test_result_base=None, continue_on_error=False, executor='parallel', parallel_workers=20, event_handlers=None, ignore_user_meta=False, metas=['./colcon.meta'], base_paths=['.'], packages_ignore=None, packages_ignore_regex=None, paths=None, packages_up_to=None, packages_up_to_regex=None, packages_above=None, packages_above_and_dependencies=None, packages_above_depth=None, packages_select_by_dep=None, packages_skip_by_dep=None, packages_skip_up_to=None, packages_select_build_failed=False, packages_skip_build_finished=False, packages_select_test_failures=False, packages_skip_test_passed=False, packages_select=None, packages_skip=None, packages_select_regex=None, packages_skip_regex=None, packages_start=None, packages_end=None, allow_overriding=[], cmake_args=None, cmake_target=None, cmake_target_skip_unavailable=False, cmake_clean_cache=False, cmake_clean_first=False, cmake_force_configure=False, ament_cmake_args=None, catkin_cmake_args=None, catkin_skip_building_tests=False, verb_parser=<colcon_defaults.argument_parser.defaults.DefaultArgumentsDecorator object at 0x7fdfd2ae6fe0>, verb_extension=<colcon_core.verb.build.BuildVerb object at 0x7fdfd2dad3f0>, main=<bound method BuildVerb.main of <colcon_core.verb.build.BuildVerb object at 0x7fdfd2dad3f0>>)
[0.695s] Level 1:colcon.colcon_core.package_discovery:discover_packages(colcon_meta) check parameters
[0.695s] Level 1:colcon.colcon_core.package_discovery:discover_packages(recursive) check parameters
[0.695s] Level 1:colcon.colcon_core.package_discovery:discover_packages(ignore) check parameters
[0.695s] Level 1:colcon.colcon_core.package_discovery:discover_packages(path) check parameters
[0.695s] Level 1:colcon.colcon_core.package_discovery:discover_packages(colcon_meta) discover
[0.696s] Level 1:colcon.colcon_core.package_discovery:discover_packages(recursive) discover
[0.696s] INFO:colcon.colcon_core.package_discovery:Crawling recursively for packages in '/home/cch/ros_homework'
[0.696s] Level 1:colcon.colcon_core.package_identification:_identify(.) by extensions ['ignore', 'ignore_ament_install']
[0.696s] Level 1:colcon.colcon_core.package_identification:_identify(.) by extension 'ignore'
[0.696s] Level 1:colcon.colcon_core.package_identification:_identify(.) by extension 'ignore_ament_install'
[0.696s] Level 1:colcon.colcon_core.package_identification:_identify(.) by extensions ['colcon_pkg']
[0.696s] Level 1:colcon.colcon_core.package_identification:_identify(.) by extension 'colcon_pkg'
[0.696s] Level 1:colcon.colcon_core.package_identification:_identify(.) by extensions ['colcon_meta']
[0.696s] Level 1:colcon.colcon_core.package_identification:_identify(.) by extension 'colcon_meta'
[0.696s] Level 1:colcon.colcon_core.package_identification:_identify(.) by extensions ['ros']
[0.696s] Level 1:colcon.colcon_core.package_identification:_identify(.) by extension 'ros'
[0.709s] Level 1:colcon.colcon_core.package_identification:_identify(.) by extensions ['cmake', 'python']
[0.709s] Level 1:colcon.colcon_core.package_identification:_identify(.) by extension 'cmake'
[0.709s] Level 1:colcon.colcon_core.package_identification:_identify(.) by extension 'python'
[0.709s] Level 1:colcon.colcon_core.package_identification:_identify(.) by extensions ['python_setup_py']
[0.709s] Level 1:colcon.colcon_core.package_identification:_identify(.) by extension 'python_setup_py'
[0.709s] Level 1:colcon.colcon_core.package_identification:_identify(build) by extensions ['ignore', 'ignore_ament_install']
[0.709s] Level 1:colcon.colcon_core.package_identification:_identify(build) by extension 'ignore'
[0.709s] Level 1:colcon.colcon_core.package_identification:_identify(build) ignored
[0.709s] Level 1:colcon.colcon_core.package_identification:_identify(install) by extensions ['ignore', 'ignore_ament_install']
[0.709s] Level 1:colcon.colcon_core.package_identification:_identify(install) by extension 'ignore'
[0.710s] Level 1:colcon.colcon_core.package_identification:_identify(install) ignored
[0.710s] Level 1:colcon.colcon_core.package_identification:_identify(log) by extensions ['ignore', 'ignore_ament_install']
[0.710s] Level 1:colcon.colcon_core.package_identification:_identify(log) by extension 'ignore'
[0.710s] Level 1:colcon.colcon_core.package_identification:_identify(log) ignored
[0.710s] Level 1:colcon.colcon_core.package_identification:_identify(src) by extensions ['ignore', 'ignore_ament_install']
[0.710s] Level 1:colcon.colcon_core.package_identification:_identify(src) by extension 'ignore'
[0.710s] Level 1:colcon.colcon_core.package_identification:_identify(src) by extension 'ignore_ament_install'
[0.710s] Level 1:colcon.colcon_core.package_identification:_identify(src) by extensions ['colcon_pkg']
[0.710s] Level 1:colcon.colcon_core.package_identification:_identify(src) by extension 'colcon_pkg'
[0.710s] Level 1:colcon.colcon_core.package_identification:_identify(src) by extensions ['colcon_meta']
[0.710s] Level 1:colcon.colcon_core.package_identification:_identify(src) by extension 'colcon_meta'
[0.710s] Level 1:colcon.colcon_core.package_identification:_identify(src) by extensions ['ros']
[0.710s] Level 1:colcon.colcon_core.package_identification:_identify(src) by extension 'ros'
[0.710s] Level 1:colcon.colcon_core.package_identification:_identify(src) by extensions ['cmake', 'python']
[0.710s] Level 1:colcon.colcon_core.package_identification:_identify(src) by extension 'cmake'
[0.710s] Level 1:colcon.colcon_core.package_identification:_identify(src) by extension 'python'
[0.710s] Level 1:colcon.colcon_core.package_identification:_identify(src) by extensions ['python_setup_py']
[0.710s] Level 1:colcon.colcon_core.package_identification:_identify(src) by extension 'python_setup_py'
[0.710s] Level 1:colcon.colcon_core.package_identification:_identify(src/CannyRealTime) by extensions ['ignore', 'ignore_ament_install']
[0.710s] Level 1:colcon.colcon_core.package_identification:_identify(src/CannyRealTime) by extension 'ignore'
[0.710s] Level 1:colcon.colcon_core.package_identification:_identify(src/CannyRealTime) by extension 'ignore_ament_install'
[0.710s] Level 1:colcon.colcon_core.package_identification:_identify(src/CannyRealTime) by extensions ['colcon_pkg']
[0.710s] Level 1:colcon.colcon_core.package_identification:_identify(src/CannyRealTime) by extension 'colcon_pkg'
[0.710s] Level 1:colcon.colcon_core.package_identification:_identify(src/CannyRealTime) by extensions ['colcon_meta']
[0.710s] Level 1:colcon.colcon_core.package_identification:_identify(src/CannyRealTime) by extension 'colcon_meta'
[0.710s] Level 1:colcon.colcon_core.package_identification:_identify(src/CannyRealTime) by extensions ['ros']
[0.710s] Level 1:colcon.colcon_core.package_identification:_identify(src/CannyRealTime) by extension 'ros'
[0.713s] DEBUG:colcon.colcon_core.package_identification:Package 'src/CannyRealTime' with type 'ros.ament_python' and name 'CannyRealTime'
[0.713s] Level 1:colcon.colcon_core.package_identification:_identify(src/image_msg) by extensions ['ignore', 'ignore_ament_install']
[0.713s] Level 1:colcon.colcon_core.package_identification:_identify(src/image_msg) by extension 'ignore'
[0.713s] Level 1:colcon.colcon_core.package_identification:_identify(src/image_msg) by extension 'ignore_ament_install'
[0.713s] Level 1:colcon.colcon_core.package_identification:_identify(src/image_msg) by extensions ['colcon_pkg']
[0.713s] Level 1:colcon.colcon_core.package_identification:_identify(src/image_msg) by extension 'colcon_pkg'
[0.713s] Level 1:colcon.colcon_core.package_identification:_identify(src/image_msg) by extensions ['colcon_meta']
[0.713s] Level 1:colcon.colcon_core.package_identification:_identify(src/image_msg) by extension 'colcon_meta'
[0.713s] Level 1:colcon.colcon_core.package_identification:_identify(src/image_msg) by extensions ['ros']
[0.713s] Level 1:colcon.colcon_core.package_identification:_identify(src/image_msg) by extension 'ros'
[0.714s] DEBUG:colcon.colcon_core.package_identification:Package 'src/image_msg' with type 'ros.ament_cmake' and name 'image_msg'
[0.714s] Level 1:colcon.colcon_core.package_discovery:discover_packages(recursive) using defaults
[0.714s] Level 1:colcon.colcon_core.package_discovery:discover_packages(ignore) discover
[0.714s] Level 1:colcon.colcon_core.package_discovery:discover_packages(ignore) using defaults
[0.714s] Level 1:colcon.colcon_core.package_discovery:discover_packages(path) discover
[0.714s] Level 1:colcon.colcon_core.package_discovery:discover_packages(path) using defaults
[0.769s] Level 1:colcon.colcon_core.package_discovery:discover_packages(prefix_path) check parameters
[0.769s] Level 1:colcon.colcon_core.package_discovery:discover_packages(prefix_path) discover
[0.785s] DEBUG:colcon.colcon_installed_package_information.package_discovery:Found 270 installed packages in /opt/ros/humble
[0.786s] Level 1:colcon.colcon_core.package_discovery:discover_packages(prefix_path) using defaults
[0.839s] Level 5:colcon.colcon_core.verb:set package 'image_msg' build argument 'cmake_args' from command line to 'None'
[0.840s] Level 5:colcon.colcon_core.verb:set package 'image_msg' build argument 'cmake_target' from command line to 'None'
[0.840s] Level 5:colcon.colcon_core.verb:set package 'image_msg' build argument 'cmake_target_skip_unavailable' from command line to 'False'
[0.840s] Level 5:colcon.colcon_core.verb:set package 'image_msg' build argument 'cmake_clean_cache' from command line to 'False'
[0.840s] Level 5:colcon.colcon_core.verb:set package 'image_msg' build argument 'cmake_clean_first' from command line to 'False'
[0.840s] Level 5:colcon.colcon_core.verb:set package 'image_msg' build argument 'cmake_force_configure' from command line to 'False'
[0.840s] Level 5:colcon.colcon_core.verb:set package 'image_msg' build argument 'ament_cmake_args' from command line to 'None'
[0.840s] Level 5:colcon.colcon_core.verb:set package 'image_msg' build argument 'catkin_cmake_args' from command line to 'None'
[0.840s] Level 5:colcon.colcon_core.verb:set package 'image_msg' build argument 'catkin_skip_building_tests' from command line to 'False'
[0.840s] DEBUG:colcon.colcon_core.verb:Building package 'image_msg' with the following arguments: {'ament_cmake_args': None, 'build_base': '/home/cch/ros_homework/build/image_msg', 'catkin_cmake_args': None, 'catkin_skip_building_tests': False, 'cmake_args': None, 'cmake_clean_cache': False, 'cmake_clean_first': False, 'cmake_force_configure': False, 'cmake_target': None, 'cmake_target_skip_unavailable': False, 'install_base': '/home/cch/ros_homework/install/image_msg', 'merge_install': False, 'path': '/home/cch/ros_homework/src/image_msg', 'symlink_install': False, 'test_result_base': None}
[0.846s] Level 5:colcon.colcon_core.verb:set package 'CannyRealTime' build argument 'cmake_args' from command line to 'None'
[0.846s] Level 5:colcon.colcon_core.verb:set package 'CannyRealTime' build argument 'cmake_target' from command line to 'None'
[0.847s] Level 5:colcon.colcon_core.verb:set package 'CannyRealTime' build argument 'cmake_target_skip_unavailable' from command line to 'False'
[0.847s] Level 5:colcon.colcon_core.verb:set package 'CannyRealTime' build argument 'cmake_clean_cache' from command line to 'False'
[0.847s] Level 5:colcon.colcon_core.verb:set package 'CannyRealTime' build argument 'cmake_clean_first' from command line to 'False'
[0.847s] Level 5:colcon.colcon_core.verb:set package 'CannyRealTime' build argument 'cmake_force_configure' from command line to 'False'
[0.847s] Level 5:colcon.colcon_core.verb:set package 'CannyRealTime' build argument 'ament_cmake_args' from command line to 'None'
[0.847s] Level 5:colcon.colcon_core.verb:set package 'CannyRealTime' build argument 'catkin_cmake_args' from command line to 'None'
[0.847s] Level 5:colcon.colcon_core.verb:set package 'CannyRealTime' build argument 'catkin_skip_building_tests' from command line to 'False'
[0.847s] DEBUG:colcon.colcon_core.verb:Building package 'CannyRealTime' with the following arguments: {'ament_cmake_args': None, 'build_base': '/home/cch/ros_homework/build/CannyRealTime', 'catkin_cmake_args': None, 'catkin_skip_building_tests': False, 'cmake_args': None, 'cmake_clean_cache': False, 'cmake_clean_first': False, 'cmake_force_configure': False, 'cmake_target': None, 'cmake_target_skip_unavailable': False, 'install_base': '/home/cch/ros_homework/install/CannyRealTime', 'merge_install': False, 'path': '/home/cch/ros_homework/src/CannyRealTime', 'symlink_install': False, 'test_result_base': None}
[0.853s] INFO:colcon.colcon_core.executor:Executing jobs using 'parallel' executor
[0.860s] DEBUG:colcon.colcon_parallel_executor.executor.parallel:run_until_complete
[0.860s] INFO:colcon.colcon_ros.task.ament_cmake.build:Building ROS package in '/home/cch/ros_homework/src/image_msg' with build type 'ament_cmake'
[0.860s] INFO:colcon.colcon_cmake.task.cmake.build:Building CMake package in '/home/cch/ros_homework/src/image_msg'
[0.871s] INFO:colcon.colcon_core.plugin_system:Skipping extension 'colcon_core.shell.bat': Not used on non-Windows systems
[0.871s] INFO:colcon.colcon_core.shell:Skip shell extension 'powershell' for command environment: Not usable outside of PowerShell
[0.871s] DEBUG:colcon.colcon_core.shell:Skip shell extension 'dsv' for command environment
[0.890s] DEBUG:colcon.colcon_core.event_handler.log_command:Invoking command in '/home/cch/ros_homework/build/image_msg': CMAKE_PREFIX_PATH=/opt/ros/humble /usr/bin/cmake --build /home/cch/ros_homework/build/image_msg -- -j20 -l20
[1.087s] DEBUG:colcon.colcon_core.event_handler.log_command:Invoked command in '/home/cch/ros_homework/build/image_msg' returned '0': CMAKE_PREFIX_PATH=/opt/ros/humble /usr/bin/cmake --build /home/cch/ros_homework/build/image_msg -- -j20 -l20
[1.116s] DEBUG:colcon.colcon_core.event_handler.log_command:Invoking command in '/home/cch/ros_homework/build/image_msg': CMAKE_PREFIX_PATH=/opt/ros/humble /usr/bin/cmake --install /home/cch/ros_homework/build/image_msg
[1.155s] Level 1:colcon.colcon_core.environment:create_environment_scripts_only(image_msg)
[1.155s] DEBUG:colcon.colcon_core.event_handler.log_command:Invoked command in '/home/cch/ros_homework/build/image_msg' returned '0': CMAKE_PREFIX_PATH=/opt/ros/humble /usr/bin/cmake --install /home/cch/ros_homework/build/image_msg
[1.167s] Level 1:colcon.colcon_core.environment:checking '/home/cch/ros_homework/install/image_msg' for CMake module files
[1.168s] Level 1:colcon.colcon_core.environment:checking '/home/cch/ros_homework/install/image_msg' for CMake config files
[1.168s] Level 1:colcon.colcon_core.shell:create_environment_hook('image_msg', 'cmake_prefix_path')
[1.176s] INFO:colcon.colcon_core.shell:Creating environment hook '/home/cch/ros_homework/install/image_msg/share/image_msg/hook/cmake_prefix_path.ps1'
[1.177s] INFO:colcon.colcon_core.shell:Creating environment descriptor '/home/cch/ros_homework/install/image_msg/share/image_msg/hook/cmake_prefix_path.dsv'
[1.177s] INFO:colcon.colcon_core.shell:Creating environment hook '/home/cch/ros_homework/install/image_msg/share/image_msg/hook/cmake_prefix_path.sh'
[1.178s] Level 1:colcon.colcon_core.environment:checking '/home/cch/ros_homework/install/image_msg/lib'
[1.178s] Level 1:colcon.colcon_core.shell:create_environment_hook('image_msg', 'ld_library_path_lib')
[1.185s] INFO:colcon.colcon_core.shell:Creating environment hook '/home/cch/ros_homework/install/image_msg/share/image_msg/hook/ld_library_path_lib.ps1'
[1.185s] INFO:colcon.colcon_core.shell:Creating environment descriptor '/home/cch/ros_homework/install/image_msg/share/image_msg/hook/ld_library_path_lib.dsv'
[1.185s] INFO:colcon.colcon_core.shell:Creating environment hook '/home/cch/ros_homework/install/image_msg/share/image_msg/hook/ld_library_path_lib.sh'
[1.185s] Level 1:colcon.colcon_core.environment:checking '/home/cch/ros_homework/install/image_msg/bin'
[1.185s] Level 1:colcon.colcon_core.environment:checking '/home/cch/ros_homework/install/image_msg/lib/pkgconfig/image_msg.pc'
[1.186s] Level 1:colcon.colcon_core.environment:checking '/home/cch/ros_homework/install/image_msg/lib/python3.10/site-packages'
[1.186s] Level 1:colcon.colcon_core.environment:checking '/home/cch/ros_homework/install/image_msg/bin'
[1.193s] INFO:colcon.colcon_core.shell:Creating package script '/home/cch/ros_homework/install/image_msg/share/image_msg/package.ps1'
[1.194s] INFO:colcon.colcon_core.shell:Creating package descriptor '/home/cch/ros_homework/install/image_msg/share/image_msg/package.dsv'
[1.194s] INFO:colcon.colcon_core.shell:Creating package script '/home/cch/ros_homework/install/image_msg/share/image_msg/package.sh'
[1.195s] INFO:colcon.colcon_core.shell:Creating package script '/home/cch/ros_homework/install/image_msg/share/image_msg/package.bash'
[1.195s] INFO:colcon.colcon_core.shell:Creating package script '/home/cch/ros_homework/install/image_msg/share/image_msg/package.zsh'
[1.196s] Level 1:colcon.colcon_core.environment:create_file_with_runtime_dependencies(/home/cch/ros_homework/install/image_msg/share/colcon-core/packages/image_msg)
[1.227s] Level 1:colcon.colcon_core.environment:create_environment_scripts_only(image_msg)
[1.234s] Level 1:colcon.colcon_core.environment:checking '/home/cch/ros_homework/install/image_msg' for CMake module files
[1.234s] Level 1:colcon.colcon_core.environment:checking '/home/cch/ros_homework/install/image_msg' for CMake config files
[1.234s] Level 1:colcon.colcon_core.shell:create_environment_hook('image_msg', 'cmake_prefix_path')
[1.240s] INFO:colcon.colcon_core.shell:Creating environment hook '/home/cch/ros_homework/install/image_msg/share/image_msg/hook/cmake_prefix_path.ps1'
[1.241s] INFO:colcon.colcon_core.shell:Creating environment descriptor '/home/cch/ros_homework/install/image_msg/share/image_msg/hook/cmake_prefix_path.dsv'
[1.241s] INFO:colcon.colcon_core.shell:Creating environment hook '/home/cch/ros_homework/install/image_msg/share/image_msg/hook/cmake_prefix_path.sh'
[1.241s] Level 1:colcon.colcon_core.environment:checking '/home/cch/ros_homework/install/image_msg/lib'
[1.241s] Level 1:colcon.colcon_core.shell:create_environment_hook('image_msg', 'ld_library_path_lib')
[1.247s] INFO:colcon.colcon_core.shell:Creating environment hook '/home/cch/ros_homework/install/image_msg/share/image_msg/hook/ld_library_path_lib.ps1'
[1.248s] INFO:colcon.colcon_core.shell:Creating environment descriptor '/home/cch/ros_homework/install/image_msg/share/image_msg/hook/ld_library_path_lib.dsv'
[1.248s] INFO:colcon.colcon_core.shell:Creating environment hook '/home/cch/ros_homework/install/image_msg/share/image_msg/hook/ld_library_path_lib.sh'
[1.248s] Level 1:colcon.colcon_core.environment:checking '/home/cch/ros_homework/install/image_msg/bin'
[1.248s] Level 1:colcon.colcon_core.environment:checking '/home/cch/ros_homework/install/image_msg/lib/pkgconfig/image_msg.pc'
[1.248s] Level 1:colcon.colcon_core.environment:checking '/home/cch/ros_homework/install/image_msg/lib/python3.10/site-packages'
[1.249s] Level 1:colcon.colcon_core.environment:checking '/home/cch/ros_homework/install/image_msg/bin'
[1.256s] INFO:colcon.colcon_core.shell:Creating package script '/home/cch/ros_homework/install/image_msg/share/image_msg/package.ps1'
[1.256s] INFO:colcon.colcon_core.shell:Creating package descriptor '/home/cch/ros_homework/install/image_msg/share/image_msg/package.dsv'
[1.256s] INFO:colcon.colcon_core.shell:Creating package script '/home/cch/ros_homework/install/image_msg/share/image_msg/package.sh'
[1.257s] INFO:colcon.colcon_core.shell:Creating package script '/home/cch/ros_homework/install/image_msg/share/image_msg/package.bash'
[1.257s] INFO:colcon.colcon_core.shell:Creating package script '/home/cch/ros_homework/install/image_msg/share/image_msg/package.zsh'
[1.257s] Level 1:colcon.colcon_core.environment:create_file_with_runtime_dependencies(/home/cch/ros_homework/install/image_msg/share/colcon-core/packages/image_msg)
[1.257s] INFO:colcon.colcon_ros.task.ament_python.build:Building ROS package in '/home/cch/ros_homework/src/CannyRealTime' with build type 'ament_python'
[1.258s] Level 1:colcon.colcon_core.shell:create_environment_hook('CannyRealTime', 'ament_prefix_path')
[1.266s] INFO:colcon.colcon_core.shell:Creating environment hook '/home/cch/ros_homework/install/CannyRealTime/share/CannyRealTime/hook/ament_prefix_path.ps1'
[1.266s] INFO:colcon.colcon_core.shell:Creating environment descriptor '/home/cch/ros_homework/install/CannyRealTime/share/CannyRealTime/hook/ament_prefix_path.dsv'
[1.267s] INFO:colcon.colcon_core.shell:Creating environment hook '/home/cch/ros_homework/install/CannyRealTime/share/CannyRealTime/hook/ament_prefix_path.sh'
[1.274s] INFO:colcon.colcon_core.shell:Skip shell extension 'powershell' for command environment: Not usable outside of PowerShell
[1.274s] DEBUG:colcon.colcon_core.shell:Skip shell extension 'dsv' for command environment
[1.512s] INFO:colcon.colcon_core.task.python.build:Building Python package in '/home/cch/ros_homework/src/CannyRealTime'
[1.519s] INFO:colcon.colcon_core.shell:Skip shell extension 'powershell' for command environment: Not usable outside of PowerShell
[1.519s] DEBUG:colcon.colcon_core.shell:Skip shell extension 'dsv' for command environment
[1.795s] DEBUG:colcon.colcon_core.event_handler.log_command:Invoking command in '/home/cch/ros_homework/src/CannyRealTime': AMENT_PREFIX_PATH=/home/cch/ros_homework/install/image_msg:${AMENT_PREFIX_PATH} CMAKE_PREFIX_PATH=/home/cch/ros_homework/install/image_msg LD_LIBRARY_PATH=/home/cch/ros_homework/install/image_msg/lib:${LD_LIBRARY_PATH} PYTHONPATH=/home/cch/ros_homework/build/CannyRealTime/prefix_override:/home/cch/ros_homework/install/CannyRealTime/lib/python3.10/site-packages:/home/cch/ros_homework/install/image_msg/local/lib/python3.10/dist-packages:${PYTHONPATH} /usr/bin/python3 setup.py egg_info --egg-base ../../build/CannyRealTime build --build-base /home/cch/ros_homework/build/CannyRealTime/build install --record /home/cch/ros_homework/build/CannyRealTime/install.log --single-version-externally-managed
[1.953s] DEBUG:colcon.colcon_core.event_handler.log_command:Invoked command in '/home/cch/ros_homework/src/CannyRealTime' returned '0': AMENT_PREFIX_PATH=/home/cch/ros_homework/install/image_msg:${AMENT_PREFIX_PATH} CMAKE_PREFIX_PATH=/home/cch/ros_homework/install/image_msg LD_LIBRARY_PATH=/home/cch/ros_homework/install/image_msg/lib:${LD_LIBRARY_PATH} PYTHONPATH=/home/cch/ros_homework/build/CannyRealTime/prefix_override:/home/cch/ros_homework/install/CannyRealTime/lib/python3.10/site-packages:/home/cch/ros_homework/install/image_msg/local/lib/python3.10/dist-packages:${PYTHONPATH} /usr/bin/python3 setup.py egg_info --egg-base ../../build/CannyRealTime build --build-base /home/cch/ros_homework/build/CannyRealTime/build install --record /home/cch/ros_homework/build/CannyRealTime/install.log --single-version-externally-managed
[1.959s] Level 1:colcon.colcon_core.environment:checking '/home/cch/ros_homework/install/CannyRealTime' for CMake module files
[1.960s] Level 1:colcon.colcon_core.environment:checking '/home/cch/ros_homework/install/CannyRealTime' for CMake config files
[1.960s] Level 1:colcon.colcon_core.environment:checking '/home/cch/ros_homework/install/CannyRealTime/lib'
[1.960s] Level 1:colcon.colcon_core.environment:checking '/home/cch/ros_homework/install/CannyRealTime/bin'
[1.960s] Level 1:colcon.colcon_core.environment:checking '/home/cch/ros_homework/install/CannyRealTime/lib/pkgconfig/CannyRealTime.pc'
[1.960s] Level 1:colcon.colcon_core.environment:checking '/home/cch/ros_homework/install/CannyRealTime/lib/python3.10/site-packages'
[1.960s] Level 1:colcon.colcon_core.shell:create_environment_hook('CannyRealTime', 'pythonpath')
[1.967s] INFO:colcon.colcon_core.shell:Creating environment hook '/home/cch/ros_homework/install/CannyRealTime/share/CannyRealTime/hook/pythonpath.ps1'
[1.967s] INFO:colcon.colcon_core.shell:Creating environment descriptor '/home/cch/ros_homework/install/CannyRealTime/share/CannyRealTime/hook/pythonpath.dsv'
[1.968s] INFO:colcon.colcon_core.shell:Creating environment hook '/home/cch/ros_homework/install/CannyRealTime/share/CannyRealTime/hook/pythonpath.sh'
[1.968s] Level 1:colcon.colcon_core.environment:checking '/home/cch/ros_homework/install/CannyRealTime/bin'
[1.968s] Level 1:colcon.colcon_core.environment:create_environment_scripts_only(CannyRealTime)
[1.975s] INFO:colcon.colcon_core.shell:Creating package script '/home/cch/ros_homework/install/CannyRealTime/share/CannyRealTime/package.ps1'
[1.975s] INFO:colcon.colcon_core.shell:Creating package descriptor '/home/cch/ros_homework/install/CannyRealTime/share/CannyRealTime/package.dsv'
[1.975s] INFO:colcon.colcon_core.shell:Creating package script '/home/cch/ros_homework/install/CannyRealTime/share/CannyRealTime/package.sh'
[1.976s] INFO:colcon.colcon_core.shell:Creating package script '/home/cch/ros_homework/install/CannyRealTime/share/CannyRealTime/package.bash'
[1.976s] INFO:colcon.colcon_core.shell:Creating package script '/home/cch/ros_homework/install/CannyRealTime/share/CannyRealTime/package.zsh'
[1.976s] Level 1:colcon.colcon_core.environment:create_file_with_runtime_dependencies(/home/cch/ros_homework/install/CannyRealTime/share/colcon-core/packages/CannyRealTime)
[1.976s] DEBUG:colcon.colcon_parallel_executor.executor.parallel:closing loop
[1.976s] DEBUG:colcon.colcon_parallel_executor.executor.parallel:loop closed
[1.977s] DEBUG:colcon.colcon_parallel_executor.executor.parallel:run_until_complete finished with '0'
[1.977s] DEBUG:colcon.colcon_core.event_reactor:joining thread
[2.027s] INFO:colcon.colcon_core.plugin_system:Skipping extension 'colcon_notification.desktop_notification.notify_send': Could not find 'notify-send'
[2.027s] INFO:colcon.colcon_core.plugin_system:Skipping extension 'colcon_notification.desktop_notification.terminal_notifier': Not used on non-Darwin systems
[2.027s] INFO:colcon.colcon_core.plugin_system:Skipping extension 'colcon_notification.desktop_notification.win32': Not used on non-Windows systems
[2.027s] INFO:colcon.colcon_notification.desktop_notification:Sending desktop notification using 'notify2'
[2.028s] DEBUG:colcon.colcon_notification.desktop_notification.notify2:Failed to initialize notify2: org.freedesktop.DBus.Error.ServiceUnknown: The name org.freedesktop.Notifications was not provided by any .service files
[2.028s] DEBUG:colcon.colcon_core.event_reactor:joined thread
[2.036s] INFO:colcon.colcon_core.shell:Creating prefix script '/home/cch/ros_homework/install/local_setup.ps1'
[2.036s] INFO:colcon.colcon_core.shell:Creating prefix util module '/home/cch/ros_homework/install/_local_setup_util_ps1.py'
[2.038s] INFO:colcon.colcon_core.shell:Creating prefix chain script '/home/cch/ros_homework/install/setup.ps1'
[2.045s] INFO:colcon.colcon_core.shell:Creating prefix script '/home/cch/ros_homework/install/local_setup.sh'
[2.046s] INFO:colcon.colcon_core.shell:Creating prefix util module '/home/cch/ros_homework/install/_local_setup_util_sh.py'
[2.046s] INFO:colcon.colcon_core.shell:Creating prefix chain script '/home/cch/ros_homework/install/setup.sh'
[2.054s] INFO:colcon.colcon_core.shell:Creating prefix script '/home/cch/ros_homework/install/local_setup.bash'
[2.054s] INFO:colcon.colcon_core.shell:Creating prefix chain script '/home/cch/ros_homework/install/setup.bash'
[2.067s] INFO:colcon.colcon_core.shell:Creating prefix script '/home/cch/ros_homework/install/local_setup.zsh'
[2.068s] INFO:colcon.colcon_core.shell:Creating prefix chain script '/home/cch/ros_homework/install/setup.zsh'
