[0.835s] DEBUG:colcon:Command line arguments: ['/usr/bin/colcon', 'build', '--packages-select', 'image_msg']
[0.835s] DEBUG:colcon:Parsed command line arguments: Namespace(log_base=None, log_level=None, verb_name='build', build_base='build', install_base='install', merge_install=False, symlink_install=False, test_result_base=None, continue_on_error=False, executor='parallel', parallel_workers=20, event_handlers=None, ignore_user_meta=False, metas=['./colcon.meta'], base_paths=['.'], packages_ignore=None, packages_ignore_regex=None, paths=None, packages_up_to=None, packages_up_to_regex=None, packages_above=None, packages_above_and_dependencies=None, packages_above_depth=None, packages_select_by_dep=None, packages_skip_by_dep=None, packages_skip_up_to=None, packages_select_build_failed=False, packages_skip_build_finished=False, packages_select_test_failures=False, packages_skip_test_passed=False, packages_select=['image_msg'], packages_skip=None, packages_select_regex=None, packages_skip_regex=None, packages_start=None, packages_end=None, allow_overriding=[], cmake_args=None, cmake_target=None, cmake_target_skip_unavailable=False, cmake_clean_cache=False, cmake_clean_first=False, cmake_force_configure=False, ament_cmake_args=None, catkin_cmake_args=None, catkin_skip_building_tests=False, verb_parser=<colcon_defaults.argument_parser.defaults.DefaultArgumentsDecorator object at 0x7ff875608cd0>, verb_extension=<colcon_core.verb.build.BuildVerb object at 0x7ff875939630>, main=<bound method BuildVerb.main of <colcon_core.verb.build.BuildVerb object at 0x7ff875939630>>)
[0.880s] Level 1:colcon.colcon_core.package_discovery:discover_packages(colcon_meta) check parameters
[0.880s] Level 1:colcon.colcon_core.package_discovery:discover_packages(recursive) check parameters
[0.880s] Level 1:colcon.colcon_core.package_discovery:discover_packages(ignore) check parameters
[0.880s] Level 1:colcon.colcon_core.package_discovery:discover_packages(path) check parameters
[0.880s] Level 1:colcon.colcon_core.package_discovery:discover_packages(colcon_meta) discover
[0.880s] Level 1:colcon.colcon_core.package_discovery:discover_packages(recursive) discover
[0.880s] INFO:colcon.colcon_core.package_discovery:Crawling recursively for packages in '/home/cch/ros_homework'
[0.880s] Level 1:colcon.colcon_core.package_identification:_identify(.) by extensions ['ignore', 'ignore_ament_install']
[0.880s] Level 1:colcon.colcon_core.package_identification:_identify(.) by extension 'ignore'
[0.880s] Level 1:colcon.colcon_core.package_identification:_identify(.) by extension 'ignore_ament_install'
[0.880s] Level 1:colcon.colcon_core.package_identification:_identify(.) by extensions ['colcon_pkg']
[0.880s] Level 1:colcon.colcon_core.package_identification:_identify(.) by extension 'colcon_pkg'
[0.880s] Level 1:colcon.colcon_core.package_identification:_identify(.) by extensions ['colcon_meta']
[0.880s] Level 1:colcon.colcon_core.package_identification:_identify(.) by extension 'colcon_meta'
[0.880s] Level 1:colcon.colcon_core.package_identification:_identify(.) by extensions ['ros']
[0.880s] Level 1:colcon.colcon_core.package_identification:_identify(.) by extension 'ros'
[0.891s] Level 1:colcon.colcon_core.package_identification:_identify(.) by extensions ['cmake', 'python']
[0.891s] Level 1:colcon.colcon_core.package_identification:_identify(.) by extension 'cmake'
[0.891s] Level 1:colcon.colcon_core.package_identification:_identify(.) by extension 'python'
[0.891s] Level 1:colcon.colcon_core.package_identification:_identify(.) by extensions ['python_setup_py']
[0.891s] Level 1:colcon.colcon_core.package_identification:_identify(.) by extension 'python_setup_py'
[0.891s] Level 1:colcon.colcon_core.package_identification:_identify(build) by extensions ['ignore', 'ignore_ament_install']
[0.891s] Level 1:colcon.colcon_core.package_identification:_identify(build) by extension 'ignore'
[0.891s] Level 1:colcon.colcon_core.package_identification:_identify(build) ignored
[0.891s] Level 1:colcon.colcon_core.package_identification:_identify(install) by extensions ['ignore', 'ignore_ament_install']
[0.891s] Level 1:colcon.colcon_core.package_identification:_identify(install) by extension 'ignore'
[0.891s] Level 1:colcon.colcon_core.package_identification:_identify(install) ignored
[0.891s] Level 1:colcon.colcon_core.package_identification:_identify(log) by extensions ['ignore', 'ignore_ament_install']
[0.891s] Level 1:colcon.colcon_core.package_identification:_identify(log) by extension 'ignore'
[0.891s] Level 1:colcon.colcon_core.package_identification:_identify(log) ignored
[0.891s] Level 1:colcon.colcon_core.package_identification:_identify(src) by extensions ['ignore', 'ignore_ament_install']
[0.892s] Level 1:colcon.colcon_core.package_identification:_identify(src) by extension 'ignore'
[0.892s] Level 1:colcon.colcon_core.package_identification:_identify(src) by extension 'ignore_ament_install'
[0.892s] Level 1:colcon.colcon_core.package_identification:_identify(src) by extensions ['colcon_pkg']
[0.892s] Level 1:colcon.colcon_core.package_identification:_identify(src) by extension 'colcon_pkg'
[0.892s] Level 1:colcon.colcon_core.package_identification:_identify(src) by extensions ['colcon_meta']
[0.892s] Level 1:colcon.colcon_core.package_identification:_identify(src) by extension 'colcon_meta'
[0.892s] Level 1:colcon.colcon_core.package_identification:_identify(src) by extensions ['ros']
[0.892s] Level 1:colcon.colcon_core.package_identification:_identify(src) by extension 'ros'
[0.892s] Level 1:colcon.colcon_core.package_identification:_identify(src) by extensions ['cmake', 'python']
[0.892s] Level 1:colcon.colcon_core.package_identification:_identify(src) by extension 'cmake'
[0.892s] Level 1:colcon.colcon_core.package_identification:_identify(src) by extension 'python'
[0.892s] Level 1:colcon.colcon_core.package_identification:_identify(src) by extensions ['python_setup_py']
[0.892s] Level 1:colcon.colcon_core.package_identification:_identify(src) by extension 'python_setup_py'
[0.892s] Level 1:colcon.colcon_core.package_identification:_identify(src/CannyRealTime) by extensions ['ignore', 'ignore_ament_install']
[0.892s] Level 1:colcon.colcon_core.package_identification:_identify(src/CannyRealTime) by extension 'ignore'
[0.892s] Level 1:colcon.colcon_core.package_identification:_identify(src/CannyRealTime) by extension 'ignore_ament_install'
[0.892s] Level 1:colcon.colcon_core.package_identification:_identify(src/CannyRealTime) by extensions ['colcon_pkg']
[0.892s] Level 1:colcon.colcon_core.package_identification:_identify(src/CannyRealTime) by extension 'colcon_pkg'
[0.892s] Level 1:colcon.colcon_core.package_identification:_identify(src/CannyRealTime) by extensions ['colcon_meta']
[0.892s] Level 1:colcon.colcon_core.package_identification:_identify(src/CannyRealTime) by extension 'colcon_meta'
[0.892s] Level 1:colcon.colcon_core.package_identification:_identify(src/CannyRealTime) by extensions ['ros']
[0.892s] Level 1:colcon.colcon_core.package_identification:_identify(src/CannyRealTime) by extension 'ros'
[0.894s] DEBUG:colcon.colcon_core.package_identification:Package 'src/CannyRealTime' with type 'ros.ament_python' and name 'CannyRealTime'
[0.895s] Level 1:colcon.colcon_core.package_identification:_identify(src/image_msg) by extensions ['ignore', 'ignore_ament_install']
[0.895s] Level 1:colcon.colcon_core.package_identification:_identify(src/image_msg) by extension 'ignore'
[0.895s] Level 1:colcon.colcon_core.package_identification:_identify(src/image_msg) by extension 'ignore_ament_install'
[0.895s] Level 1:colcon.colcon_core.package_identification:_identify(src/image_msg) by extensions ['colcon_pkg']
[0.895s] Level 1:colcon.colcon_core.package_identification:_identify(src/image_msg) by extension 'colcon_pkg'
[0.895s] Level 1:colcon.colcon_core.package_identification:_identify(src/image_msg) by extensions ['colcon_meta']
[0.895s] Level 1:colcon.colcon_core.package_identification:_identify(src/image_msg) by extension 'colcon_meta'
[0.895s] Level 1:colcon.colcon_core.package_identification:_identify(src/image_msg) by extensions ['ros']
[0.895s] Level 1:colcon.colcon_core.package_identification:_identify(src/image_msg) by extension 'ros'
[0.895s] DEBUG:colcon.colcon_core.package_identification:Package 'src/image_msg' with type 'ros.ament_cmake' and name 'image_msg'
[0.895s] Level 1:colcon.colcon_core.package_discovery:discover_packages(recursive) using defaults
[0.895s] Level 1:colcon.colcon_core.package_discovery:discover_packages(ignore) discover
[0.895s] Level 1:colcon.colcon_core.package_discovery:discover_packages(ignore) using defaults
[0.895s] Level 1:colcon.colcon_core.package_discovery:discover_packages(path) discover
[0.895s] Level 1:colcon.colcon_core.package_discovery:discover_packages(path) using defaults
[0.936s] INFO:colcon.colcon_core.package_selection:Skipping not selected package 'CannyRealTime' in 'src/CannyRealTime'
[0.949s] Level 1:colcon.colcon_core.package_discovery:discover_packages(prefix_path) check parameters
[0.950s] Level 1:colcon.colcon_core.package_discovery:discover_packages(prefix_path) discover
[0.965s] DEBUG:colcon.colcon_installed_package_information.package_discovery:Found 270 installed packages in /opt/ros/humble
[0.966s] Level 1:colcon.colcon_core.package_discovery:discover_packages(prefix_path) using defaults
[1.019s] Level 5:colcon.colcon_core.verb:set package 'image_msg' build argument 'cmake_args' from command line to 'None'
[1.019s] Level 5:colcon.colcon_core.verb:set package 'image_msg' build argument 'cmake_target' from command line to 'None'
[1.019s] Level 5:colcon.colcon_core.verb:set package 'image_msg' build argument 'cmake_target_skip_unavailable' from command line to 'False'
[1.019s] Level 5:colcon.colcon_core.verb:set package 'image_msg' build argument 'cmake_clean_cache' from command line to 'False'
[1.019s] Level 5:colcon.colcon_core.verb:set package 'image_msg' build argument 'cmake_clean_first' from command line to 'False'
[1.019s] Level 5:colcon.colcon_core.verb:set package 'image_msg' build argument 'cmake_force_configure' from command line to 'False'
[1.019s] Level 5:colcon.colcon_core.verb:set package 'image_msg' build argument 'ament_cmake_args' from command line to 'None'
[1.019s] Level 5:colcon.colcon_core.verb:set package 'image_msg' build argument 'catkin_cmake_args' from command line to 'None'
[1.020s] Level 5:colcon.colcon_core.verb:set package 'image_msg' build argument 'catkin_skip_building_tests' from command line to 'False'
[1.020s] DEBUG:colcon.colcon_core.verb:Building package 'image_msg' with the following arguments: {'ament_cmake_args': None, 'build_base': '/home/cch/ros_homework/build/image_msg', 'catkin_cmake_args': None, 'catkin_skip_building_tests': False, 'cmake_args': None, 'cmake_clean_cache': False, 'cmake_clean_first': False, 'cmake_force_configure': False, 'cmake_target': None, 'cmake_target_skip_unavailable': False, 'install_base': '/home/cch/ros_homework/install/image_msg', 'merge_install': False, 'path': '/home/cch/ros_homework/src/image_msg', 'symlink_install': False, 'test_result_base': None}
[1.026s] INFO:colcon.colcon_core.executor:Executing jobs using 'parallel' executor
[1.032s] DEBUG:colcon.colcon_parallel_executor.executor.parallel:run_until_complete
[1.033s] INFO:colcon.colcon_ros.task.ament_cmake.build:Building ROS package in '/home/cch/ros_homework/src/image_msg' with build type 'ament_cmake'
[1.033s] INFO:colcon.colcon_cmake.task.cmake.build:Building CMake package in '/home/cch/ros_homework/src/image_msg'
[1.045s] INFO:colcon.colcon_core.plugin_system:Skipping extension 'colcon_core.shell.bat': Not used on non-Windows systems
[1.046s] INFO:colcon.colcon_core.shell:Skip shell extension 'powershell' for command environment: Not usable outside of PowerShell
[1.046s] DEBUG:colcon.colcon_core.shell:Skip shell extension 'dsv' for command environment
[1.067s] DEBUG:colcon.colcon_core.event_handler.log_command:Invoking command in '/home/cch/ros_homework/build/image_msg': CMAKE_PREFIX_PATH=/opt/ros/humble CONDA_PROMPT_MODIFIER=(base) /usr/bin/cmake --build /home/cch/ros_homework/build/image_msg -- -j20 -l20
[1.276s] DEBUG:colcon.colcon_core.event_handler.log_command:Invoked command in '/home/cch/ros_homework/build/image_msg' returned '2': CMAKE_PREFIX_PATH=/opt/ros/humble CONDA_PROMPT_MODIFIER=(base) /usr/bin/cmake --build /home/cch/ros_homework/build/image_msg -- -j20 -l20
[1.306s] Level 1:colcon.colcon_core.environment:create_environment_scripts_only(image_msg)
[1.318s] Level 1:colcon.colcon_core.environment:checking '/home/cch/ros_homework/install/image_msg' for CMake module files
[1.318s] Level 1:colcon.colcon_core.environment:checking '/home/cch/ros_homework/install/image_msg' for CMake config files
[1.319s] Level 1:colcon.colcon_core.environment:checking '/home/cch/ros_homework/install/image_msg/bin'
[1.319s] Level 1:colcon.colcon_core.environment:checking '/home/cch/ros_homework/install/image_msg/lib/pkgconfig/image_msg.pc'
[1.319s] Level 1:colcon.colcon_core.environment:checking '/home/cch/ros_homework/install/image_msg/lib/python3.10/site-packages'
[1.319s] Level 1:colcon.colcon_core.environment:checking '/home/cch/ros_homework/install/image_msg/bin'
[1.331s] INFO:colcon.colcon_core.shell:Creating package script '/home/cch/ros_homework/install/image_msg/share/image_msg/package.ps1'
[1.332s] INFO:colcon.colcon_core.shell:Creating package descriptor '/home/cch/ros_homework/install/image_msg/share/image_msg/package.dsv'
[1.332s] INFO:colcon.colcon_core.shell:Creating package script '/home/cch/ros_homework/install/image_msg/share/image_msg/package.sh'
[1.333s] INFO:colcon.colcon_core.shell:Creating package script '/home/cch/ros_homework/install/image_msg/share/image_msg/package.bash'
[1.334s] INFO:colcon.colcon_core.shell:Creating package script '/home/cch/ros_homework/install/image_msg/share/image_msg/package.zsh'
[1.335s] Level 1:colcon.colcon_core.environment:create_file_with_runtime_dependencies(/home/cch/ros_homework/install/image_msg/share/colcon-core/packages/image_msg)
[1.345s] DEBUG:colcon.colcon_parallel_executor.executor.parallel:closing loop
[1.345s] DEBUG:colcon.colcon_parallel_executor.executor.parallel:loop closed
[1.346s] DEBUG:colcon.colcon_parallel_executor.executor.parallel:run_until_complete finished with '2'
[1.346s] DEBUG:colcon.colcon_core.event_reactor:joining thread
[1.433s] INFO:colcon.colcon_core.plugin_system:Skipping extension 'colcon_notification.desktop_notification.notify_send': Could not find 'notify-send'
[1.433s] INFO:colcon.colcon_core.plugin_system:Skipping extension 'colcon_notification.desktop_notification.terminal_notifier': Not used on non-Darwin systems
[1.433s] INFO:colcon.colcon_core.plugin_system:Skipping extension 'colcon_notification.desktop_notification.win32': Not used on non-Windows systems
[1.433s] INFO:colcon.colcon_notification.desktop_notification:Sending desktop notification using 'notify2'
[1.434s] DEBUG:colcon.colcon_notification.desktop_notification.notify2:Failed to initialize notify2: org.freedesktop.DBus.Error.ServiceUnknown: The name org.freedesktop.Notifications was not provided by any .service files
[1.434s] DEBUG:colcon.colcon_core.event_reactor:joined thread
[1.445s] INFO:colcon.colcon_core.shell:Creating prefix script '/home/cch/ros_homework/install/local_setup.ps1'
[1.446s] INFO:colcon.colcon_core.shell:Creating prefix util module '/home/cch/ros_homework/install/_local_setup_util_ps1.py'
[1.447s] INFO:colcon.colcon_core.shell:Creating prefix chain script '/home/cch/ros_homework/install/setup.ps1'
[1.455s] INFO:colcon.colcon_core.shell:Creating prefix script '/home/cch/ros_homework/install/local_setup.sh'
[1.455s] INFO:colcon.colcon_core.shell:Creating prefix util module '/home/cch/ros_homework/install/_local_setup_util_sh.py'
[1.456s] INFO:colcon.colcon_core.shell:Creating prefix chain script '/home/cch/ros_homework/install/setup.sh'
[1.464s] INFO:colcon.colcon_core.shell:Creating prefix script '/home/cch/ros_homework/install/local_setup.bash'
[1.464s] INFO:colcon.colcon_core.shell:Creating prefix chain script '/home/cch/ros_homework/install/setup.bash'
[1.472s] INFO:colcon.colcon_core.shell:Creating prefix script '/home/cch/ros_homework/install/local_setup.zsh'
[1.473s] INFO:colcon.colcon_core.shell:Creating prefix chain script '/home/cch/ros_homework/install/setup.zsh'
