[0.619s] DEBUG:colcon:Command line arguments: ['/usr/bin/colcon', 'build']
[0.619s] DEBUG:colcon:Parsed command line arguments: Namespace(log_base=None, log_level=None, verb_name='build', build_base='build', install_base='install', merge_install=False, symlink_install=False, test_result_base=None, continue_on_error=False, executor='parallel', parallel_workers=20, event_handlers=None, ignore_user_meta=False, metas=['./colcon.meta'], base_paths=['.'], packages_ignore=None, packages_ignore_regex=None, paths=None, packages_up_to=None, packages_up_to_regex=None, packages_above=None, packages_above_and_dependencies=None, packages_above_depth=None, packages_select_by_dep=None, packages_skip_by_dep=None, packages_skip_up_to=None, packages_select_build_failed=False, packages_skip_build_finished=False, packages_select_test_failures=False, packages_skip_test_passed=False, packages_select=None, packages_skip=None, packages_select_regex=None, packages_skip_regex=None, packages_start=None, packages_end=None, allow_overriding=[], cmake_args=None, cmake_target=None, cmake_target_skip_unavailable=False, cmake_clean_cache=False, cmake_clean_first=False, cmake_force_configure=False, ament_cmake_args=None, catkin_cmake_args=None, catkin_skip_building_tests=False, verb_parser=<colcon_defaults.argument_parser.defaults.DefaultArgumentsDecorator object at 0x7efc562c93c0>, verb_extension=<colcon_core.verb.build.BuildVerb object at 0x7efc5659d4b0>, main=<bound method BuildVerb.main of <colcon_core.verb.build.BuildVerb object at 0x7efc5659d4b0>>)
[0.656s] Level 1:colcon.colcon_core.package_discovery:discover_packages(colcon_meta) check parameters
[0.656s] Level 1:colcon.colcon_core.package_discovery:discover_packages(recursive) check parameters
[0.656s] Level 1:colcon.colcon_core.package_discovery:discover_packages(ignore) check parameters
[0.656s] Level 1:colcon.colcon_core.package_discovery:discover_packages(path) check parameters
[0.656s] Level 1:colcon.colcon_core.package_discovery:discover_packages(colcon_meta) discover
[0.656s] Level 1:colcon.colcon_core.package_discovery:discover_packages(recursive) discover
[0.656s] INFO:colcon.colcon_core.package_discovery:Crawling recursively for packages in '/home/cch/ros_homework'
[0.656s] Level 1:colcon.colcon_core.package_identification:_identify(.) by extensions ['ignore', 'ignore_ament_install']
[0.656s] Level 1:colcon.colcon_core.package_identification:_identify(.) by extension 'ignore'
[0.656s] Level 1:colcon.colcon_core.package_identification:_identify(.) by extension 'ignore_ament_install'
[0.656s] Level 1:colcon.colcon_core.package_identification:_identify(.) by extensions ['colcon_pkg']
[0.656s] Level 1:colcon.colcon_core.package_identification:_identify(.) by extension 'colcon_pkg'
[0.656s] Level 1:colcon.colcon_core.package_identification:_identify(.) by extensions ['colcon_meta']
[0.656s] Level 1:colcon.colcon_core.package_identification:_identify(.) by extension 'colcon_meta'
[0.656s] Level 1:colcon.colcon_core.package_identification:_identify(.) by extensions ['ros']
[0.656s] Level 1:colcon.colcon_core.package_identification:_identify(.) by extension 'ros'
[0.666s] Level 1:colcon.colcon_core.package_identification:_identify(.) by extensions ['cmake', 'python']
[0.666s] Level 1:colcon.colcon_core.package_identification:_identify(.) by extension 'cmake'
[0.666s] Level 1:colcon.colcon_core.package_identification:_identify(.) by extension 'python'
[0.666s] Level 1:colcon.colcon_core.package_identification:_identify(.) by extensions ['python_setup_py']
[0.666s] Level 1:colcon.colcon_core.package_identification:_identify(.) by extension 'python_setup_py'
[0.666s] Level 1:colcon.colcon_core.package_identification:_identify(build) by extensions ['ignore', 'ignore_ament_install']
[0.666s] Level 1:colcon.colcon_core.package_identification:_identify(build) by extension 'ignore'
[0.666s] Level 1:colcon.colcon_core.package_identification:_identify(build) ignored
[0.666s] Level 1:colcon.colcon_core.package_identification:_identify(install) by extensions ['ignore', 'ignore_ament_install']
[0.666s] Level 1:colcon.colcon_core.package_identification:_identify(install) by extension 'ignore'
[0.667s] Level 1:colcon.colcon_core.package_identification:_identify(install) ignored
[0.667s] Level 1:colcon.colcon_core.package_identification:_identify(log) by extensions ['ignore', 'ignore_ament_install']
[0.667s] Level 1:colcon.colcon_core.package_identification:_identify(log) by extension 'ignore'
[0.667s] Level 1:colcon.colcon_core.package_identification:_identify(log) ignored
[0.667s] Level 1:colcon.colcon_core.package_identification:_identify(src) by extensions ['ignore', 'ignore_ament_install']
[0.667s] Level 1:colcon.colcon_core.package_identification:_identify(src) by extension 'ignore'
[0.667s] Level 1:colcon.colcon_core.package_identification:_identify(src) by extension 'ignore_ament_install'
[0.667s] Level 1:colcon.colcon_core.package_identification:_identify(src) by extensions ['colcon_pkg']
[0.667s] Level 1:colcon.colcon_core.package_identification:_identify(src) by extension 'colcon_pkg'
[0.667s] Level 1:colcon.colcon_core.package_identification:_identify(src) by extensions ['colcon_meta']
[0.667s] Level 1:colcon.colcon_core.package_identification:_identify(src) by extension 'colcon_meta'
[0.667s] Level 1:colcon.colcon_core.package_identification:_identify(src) by extensions ['ros']
[0.667s] Level 1:colcon.colcon_core.package_identification:_identify(src) by extension 'ros'
[0.667s] Level 1:colcon.colcon_core.package_identification:_identify(src) by extensions ['cmake', 'python']
[0.667s] Level 1:colcon.colcon_core.package_identification:_identify(src) by extension 'cmake'
[0.667s] Level 1:colcon.colcon_core.package_identification:_identify(src) by extension 'python'
[0.667s] Level 1:colcon.colcon_core.package_identification:_identify(src) by extensions ['python_setup_py']
[0.667s] Level 1:colcon.colcon_core.package_identification:_identify(src) by extension 'python_setup_py'
[0.667s] Level 1:colcon.colcon_core.package_identification:_identify(src/CannyRealTime) by extensions ['ignore', 'ignore_ament_install']
[0.667s] Level 1:colcon.colcon_core.package_identification:_identify(src/CannyRealTime) by extension 'ignore'
[0.667s] Level 1:colcon.colcon_core.package_identification:_identify(src/CannyRealTime) by extension 'ignore_ament_install'
[0.667s] Level 1:colcon.colcon_core.package_identification:_identify(src/CannyRealTime) by extensions ['colcon_pkg']
[0.667s] Level 1:colcon.colcon_core.package_identification:_identify(src/CannyRealTime) by extension 'colcon_pkg'
[0.667s] Level 1:colcon.colcon_core.package_identification:_identify(src/CannyRealTime) by extensions ['colcon_meta']
[0.667s] Level 1:colcon.colcon_core.package_identification:_identify(src/CannyRealTime) by extension 'colcon_meta'
[0.667s] Level 1:colcon.colcon_core.package_identification:_identify(src/CannyRealTime) by extensions ['ros']
[0.667s] Level 1:colcon.colcon_core.package_identification:_identify(src/CannyRealTime) by extension 'ros'
[0.670s] DEBUG:colcon.colcon_core.package_identification:Package 'src/CannyRealTime' with type 'ros.ament_python' and name 'CannyRealTime'
[0.670s] Level 1:colcon.colcon_core.package_identification:_identify(src/image_msg) by extensions ['ignore', 'ignore_ament_install']
[0.670s] Level 1:colcon.colcon_core.package_identification:_identify(src/image_msg) by extension 'ignore'
[0.670s] Level 1:colcon.colcon_core.package_identification:_identify(src/image_msg) by extension 'ignore_ament_install'
[0.670s] Level 1:colcon.colcon_core.package_identification:_identify(src/image_msg) by extensions ['colcon_pkg']
[0.670s] Level 1:colcon.colcon_core.package_identification:_identify(src/image_msg) by extension 'colcon_pkg'
[0.670s] Level 1:colcon.colcon_core.package_identification:_identify(src/image_msg) by extensions ['colcon_meta']
[0.670s] Level 1:colcon.colcon_core.package_identification:_identify(src/image_msg) by extension 'colcon_meta'
[0.670s] Level 1:colcon.colcon_core.package_identification:_identify(src/image_msg) by extensions ['ros']
[0.670s] Level 1:colcon.colcon_core.package_identification:_identify(src/image_msg) by extension 'ros'
[0.671s] DEBUG:colcon.colcon_core.package_identification:Package 'src/image_msg' with type 'ros.ament_cmake' and name 'image_msg'
[0.671s] Level 1:colcon.colcon_core.package_discovery:discover_packages(recursive) using defaults
[0.671s] Level 1:colcon.colcon_core.package_discovery:discover_packages(ignore) discover
[0.671s] Level 1:colcon.colcon_core.package_discovery:discover_packages(ignore) using defaults
[0.671s] Level 1:colcon.colcon_core.package_discovery:discover_packages(path) discover
[0.671s] Level 1:colcon.colcon_core.package_discovery:discover_packages(path) using defaults
[0.722s] Level 1:colcon.colcon_core.package_discovery:discover_packages(prefix_path) check parameters
[0.722s] Level 1:colcon.colcon_core.package_discovery:discover_packages(prefix_path) discover
[0.737s] DEBUG:colcon.colcon_installed_package_information.package_discovery:Found 270 installed packages in /opt/ros/humble
[0.738s] Level 1:colcon.colcon_core.package_discovery:discover_packages(prefix_path) using defaults
[0.794s] Level 5:colcon.colcon_core.verb:set package 'image_msg' build argument 'cmake_args' from command line to 'None'
[0.794s] Level 5:colcon.colcon_core.verb:set package 'image_msg' build argument 'cmake_target' from command line to 'None'
[0.794s] Level 5:colcon.colcon_core.verb:set package 'image_msg' build argument 'cmake_target_skip_unavailable' from command line to 'False'
[0.794s] Level 5:colcon.colcon_core.verb:set package 'image_msg' build argument 'cmake_clean_cache' from command line to 'False'
[0.794s] Level 5:colcon.colcon_core.verb:set package 'image_msg' build argument 'cmake_clean_first' from command line to 'False'
[0.794s] Level 5:colcon.colcon_core.verb:set package 'image_msg' build argument 'cmake_force_configure' from command line to 'False'
[0.794s] Level 5:colcon.colcon_core.verb:set package 'image_msg' build argument 'ament_cmake_args' from command line to 'None'
[0.794s] Level 5:colcon.colcon_core.verb:set package 'image_msg' build argument 'catkin_cmake_args' from command line to 'None'
[0.794s] Level 5:colcon.colcon_core.verb:set package 'image_msg' build argument 'catkin_skip_building_tests' from command line to 'False'
[0.794s] DEBUG:colcon.colcon_core.verb:Building package 'image_msg' with the following arguments: {'ament_cmake_args': None, 'build_base': '/home/cch/ros_homework/build/image_msg', 'catkin_cmake_args': None, 'catkin_skip_building_tests': False, 'cmake_args': None, 'cmake_clean_cache': False, 'cmake_clean_first': False, 'cmake_force_configure': False, 'cmake_target': None, 'cmake_target_skip_unavailable': False, 'install_base': '/home/cch/ros_homework/install/image_msg', 'merge_install': False, 'path': '/home/cch/ros_homework/src/image_msg', 'symlink_install': False, 'test_result_base': None}
[0.800s] Level 5:colcon.colcon_core.verb:set package 'CannyRealTime' build argument 'cmake_args' from command line to 'None'
[0.800s] Level 5:colcon.colcon_core.verb:set package 'CannyRealTime' build argument 'cmake_target' from command line to 'None'
[0.800s] Level 5:colcon.colcon_core.verb:set package 'CannyRealTime' build argument 'cmake_target_skip_unavailable' from command line to 'False'
[0.800s] Level 5:colcon.colcon_core.verb:set package 'CannyRealTime' build argument 'cmake_clean_cache' from command line to 'False'
[0.800s] Level 5:colcon.colcon_core.verb:set package 'CannyRealTime' build argument 'cmake_clean_first' from command line to 'False'
[0.800s] Level 5:colcon.colcon_core.verb:set package 'CannyRealTime' build argument 'cmake_force_configure' from command line to 'False'
[0.800s] Level 5:colcon.colcon_core.verb:set package 'CannyRealTime' build argument 'ament_cmake_args' from command line to 'None'
[0.801s] Level 5:colcon.colcon_core.verb:set package 'CannyRealTime' build argument 'catkin_cmake_args' from command line to 'None'
[0.801s] Level 5:colcon.colcon_core.verb:set package 'CannyRealTime' build argument 'catkin_skip_building_tests' from command line to 'False'
[0.801s] DEBUG:colcon.colcon_core.verb:Building package 'CannyRealTime' with the following arguments: {'ament_cmake_args': None, 'build_base': '/home/cch/ros_homework/build/CannyRealTime', 'catkin_cmake_args': None, 'catkin_skip_building_tests': False, 'cmake_args': None, 'cmake_clean_cache': False, 'cmake_clean_first': False, 'cmake_force_configure': False, 'cmake_target': None, 'cmake_target_skip_unavailable': False, 'install_base': '/home/cch/ros_homework/install/CannyRealTime', 'merge_install': False, 'path': '/home/cch/ros_homework/src/CannyRealTime', 'symlink_install': False, 'test_result_base': None}
[0.807s] INFO:colcon.colcon_core.executor:Executing jobs using 'parallel' executor
[0.813s] DEBUG:colcon.colcon_parallel_executor.executor.parallel:run_until_complete
[0.814s] INFO:colcon.colcon_ros.task.ament_cmake.build:Building ROS package in '/home/cch/ros_homework/src/image_msg' with build type 'ament_cmake'
[0.814s] INFO:colcon.colcon_cmake.task.cmake.build:Building CMake package in '/home/cch/ros_homework/src/image_msg'
[0.826s] INFO:colcon.colcon_core.plugin_system:Skipping extension 'colcon_core.shell.bat': Not used on non-Windows systems
[0.826s] INFO:colcon.colcon_core.shell:Skip shell extension 'powershell' for command environment: Not usable outside of PowerShell
[0.826s] DEBUG:colcon.colcon_core.shell:Skip shell extension 'dsv' for command environment
[0.843s] DEBUG:colcon.colcon_core.event_handler.log_command:Invoking command in '/home/cch/ros_homework/build/image_msg': CMAKE_PREFIX_PATH=/opt/ros/humble /usr/bin/cmake --build /home/cch/ros_homework/build/image_msg -- -j20 -l20
[1.039s] DEBUG:colcon.colcon_core.event_handler.log_command:Invoked command in '/home/cch/ros_homework/build/image_msg' returned '0': CMAKE_PREFIX_PATH=/opt/ros/humble /usr/bin/cmake --build /home/cch/ros_homework/build/image_msg -- -j20 -l20
[1.066s] DEBUG:colcon.colcon_core.event_handler.log_command:Invoking command in '/home/cch/ros_homework/build/image_msg': CMAKE_PREFIX_PATH=/opt/ros/humble /usr/bin/cmake --install /home/cch/ros_homework/build/image_msg
[1.103s] Level 1:colcon.colcon_core.environment:create_environment_scripts_only(image_msg)
[1.104s] DEBUG:colcon.colcon_core.event_handler.log_command:Invoked command in '/home/cch/ros_homework/build/image_msg' returned '0': CMAKE_PREFIX_PATH=/opt/ros/humble /usr/bin/cmake --install /home/cch/ros_homework/build/image_msg
[1.114s] Level 1:colcon.colcon_core.environment:checking '/home/cch/ros_homework/install/image_msg' for CMake module files
[1.114s] Level 1:colcon.colcon_core.environment:checking '/home/cch/ros_homework/install/image_msg' for CMake config files
[1.115s] Level 1:colcon.colcon_core.shell:create_environment_hook('image_msg', 'cmake_prefix_path')
[1.121s] INFO:colcon.colcon_core.shell:Creating environment hook '/home/cch/ros_homework/install/image_msg/share/image_msg/hook/cmake_prefix_path.ps1'
[1.122s] INFO:colcon.colcon_core.shell:Creating environment descriptor '/home/cch/ros_homework/install/image_msg/share/image_msg/hook/cmake_prefix_path.dsv'
[1.122s] INFO:colcon.colcon_core.shell:Creating environment hook '/home/cch/ros_homework/install/image_msg/share/image_msg/hook/cmake_prefix_path.sh'
[1.123s] Level 1:colcon.colcon_core.environment:checking '/home/cch/ros_homework/install/image_msg/lib'
[1.123s] Level 1:colcon.colcon_core.shell:create_environment_hook('image_msg', 'ld_library_path_lib')
[1.131s] INFO:colcon.colcon_core.shell:Creating environment hook '/home/cch/ros_homework/install/image_msg/share/image_msg/hook/ld_library_path_lib.ps1'
[1.131s] INFO:colcon.colcon_core.shell:Creating environment descriptor '/home/cch/ros_homework/install/image_msg/share/image_msg/hook/ld_library_path_lib.dsv'
[1.131s] INFO:colcon.colcon_core.shell:Creating environment hook '/home/cch/ros_homework/install/image_msg/share/image_msg/hook/ld_library_path_lib.sh'
[1.131s] Level 1:colcon.colcon_core.environment:checking '/home/cch/ros_homework/install/image_msg/bin'
[1.131s] Level 1:colcon.colcon_core.environment:checking '/home/cch/ros_homework/install/image_msg/lib/pkgconfig/image_msg.pc'
[1.132s] Level 1:colcon.colcon_core.environment:checking '/home/cch/ros_homework/install/image_msg/lib/python3.10/site-packages'
[1.132s] Level 1:colcon.colcon_core.environment:checking '/home/cch/ros_homework/install/image_msg/bin'
[1.139s] INFO:colcon.colcon_core.shell:Creating package script '/home/cch/ros_homework/install/image_msg/share/image_msg/package.ps1'
[1.139s] INFO:colcon.colcon_core.shell:Creating package descriptor '/home/cch/ros_homework/install/image_msg/share/image_msg/package.dsv'
[1.140s] INFO:colcon.colcon_core.shell:Creating package script '/home/cch/ros_homework/install/image_msg/share/image_msg/package.sh'
[1.140s] INFO:colcon.colcon_core.shell:Creating package script '/home/cch/ros_homework/install/image_msg/share/image_msg/package.bash'
[1.141s] INFO:colcon.colcon_core.shell:Creating package script '/home/cch/ros_homework/install/image_msg/share/image_msg/package.zsh'
[1.142s] Level 1:colcon.colcon_core.environment:create_file_with_runtime_dependencies(/home/cch/ros_homework/install/image_msg/share/colcon-core/packages/image_msg)
[1.171s] Level 1:colcon.colcon_core.environment:create_environment_scripts_only(image_msg)
[1.177s] Level 1:colcon.colcon_core.environment:checking '/home/cch/ros_homework/install/image_msg' for CMake module files
[1.178s] Level 1:colcon.colcon_core.environment:checking '/home/cch/ros_homework/install/image_msg' for CMake config files
[1.178s] Level 1:colcon.colcon_core.shell:create_environment_hook('image_msg', 'cmake_prefix_path')
[1.184s] INFO:colcon.colcon_core.shell:Creating environment hook '/home/cch/ros_homework/install/image_msg/share/image_msg/hook/cmake_prefix_path.ps1'
[1.184s] INFO:colcon.colcon_core.shell:Creating environment descriptor '/home/cch/ros_homework/install/image_msg/share/image_msg/hook/cmake_prefix_path.dsv'
[1.185s] INFO:colcon.colcon_core.shell:Creating environment hook '/home/cch/ros_homework/install/image_msg/share/image_msg/hook/cmake_prefix_path.sh'
[1.185s] Level 1:colcon.colcon_core.environment:checking '/home/cch/ros_homework/install/image_msg/lib'
[1.185s] Level 1:colcon.colcon_core.shell:create_environment_hook('image_msg', 'ld_library_path_lib')
[1.191s] INFO:colcon.colcon_core.shell:Creating environment hook '/home/cch/ros_homework/install/image_msg/share/image_msg/hook/ld_library_path_lib.ps1'
[1.191s] INFO:colcon.colcon_core.shell:Creating environment descriptor '/home/cch/ros_homework/install/image_msg/share/image_msg/hook/ld_library_path_lib.dsv'
[1.191s] INFO:colcon.colcon_core.shell:Creating environment hook '/home/cch/ros_homework/install/image_msg/share/image_msg/hook/ld_library_path_lib.sh'
[1.192s] Level 1:colcon.colcon_core.environment:checking '/home/cch/ros_homework/install/image_msg/bin'
[1.192s] Level 1:colcon.colcon_core.environment:checking '/home/cch/ros_homework/install/image_msg/lib/pkgconfig/image_msg.pc'
[1.192s] Level 1:colcon.colcon_core.environment:checking '/home/cch/ros_homework/install/image_msg/lib/python3.10/site-packages'
[1.192s] Level 1:colcon.colcon_core.environment:checking '/home/cch/ros_homework/install/image_msg/bin'
[1.199s] INFO:colcon.colcon_core.shell:Creating package script '/home/cch/ros_homework/install/image_msg/share/image_msg/package.ps1'
[1.199s] INFO:colcon.colcon_core.shell:Creating package descriptor '/home/cch/ros_homework/install/image_msg/share/image_msg/package.dsv'
[1.199s] INFO:colcon.colcon_core.shell:Creating package script '/home/cch/ros_homework/install/image_msg/share/image_msg/package.sh'
[1.199s] INFO:colcon.colcon_core.shell:Creating package script '/home/cch/ros_homework/install/image_msg/share/image_msg/package.bash'
[1.200s] INFO:colcon.colcon_core.shell:Creating package script '/home/cch/ros_homework/install/image_msg/share/image_msg/package.zsh'
[1.200s] Level 1:colcon.colcon_core.environment:create_file_with_runtime_dependencies(/home/cch/ros_homework/install/image_msg/share/colcon-core/packages/image_msg)
[1.200s] INFO:colcon.colcon_ros.task.ament_python.build:Building ROS package in '/home/cch/ros_homework/src/CannyRealTime' with build type 'ament_python'
[1.200s] Level 1:colcon.colcon_core.shell:create_environment_hook('CannyRealTime', 'ament_prefix_path')
[1.208s] INFO:colcon.colcon_core.shell:Creating environment hook '/home/cch/ros_homework/install/CannyRealTime/share/CannyRealTime/hook/ament_prefix_path.ps1'
[1.208s] INFO:colcon.colcon_core.shell:Creating environment descriptor '/home/cch/ros_homework/install/CannyRealTime/share/CannyRealTime/hook/ament_prefix_path.dsv'
[1.209s] INFO:colcon.colcon_core.shell:Creating environment hook '/home/cch/ros_homework/install/CannyRealTime/share/CannyRealTime/hook/ament_prefix_path.sh'
[1.218s] INFO:colcon.colcon_core.shell:Skip shell extension 'powershell' for command environment: Not usable outside of PowerShell
[1.218s] DEBUG:colcon.colcon_core.shell:Skip shell extension 'dsv' for command environment
[1.453s] INFO:colcon.colcon_core.task.python.build:Building Python package in '/home/cch/ros_homework/src/CannyRealTime'
[1.460s] INFO:colcon.colcon_core.shell:Skip shell extension 'powershell' for command environment: Not usable outside of PowerShell
[1.460s] DEBUG:colcon.colcon_core.shell:Skip shell extension 'dsv' for command environment
[1.731s] DEBUG:colcon.colcon_core.event_handler.log_command:Invoking command in '/home/cch/ros_homework/src/CannyRealTime': AMENT_PREFIX_PATH=/home/cch/ros_homework/install/image_msg:${AMENT_PREFIX_PATH} CMAKE_PREFIX_PATH=/home/cch/ros_homework/install/image_msg LD_LIBRARY_PATH=/home/cch/ros_homework/install/image_msg/lib:${LD_LIBRARY_PATH} PYTHONPATH=/home/cch/ros_homework/build/CannyRealTime/prefix_override:/home/cch/ros_homework/install/CannyRealTime/lib/python3.10/site-packages:/home/cch/ros_homework/install/image_msg/local/lib/python3.10/dist-packages:${PYTHONPATH} /usr/bin/python3 setup.py egg_info --egg-base ../../build/CannyRealTime build --build-base /home/cch/ros_homework/build/CannyRealTime/build install --record /home/cch/ros_homework/build/CannyRealTime/install.log --single-version-externally-managed
[1.888s] DEBUG:colcon.colcon_core.event_handler.log_command:Invoked command in '/home/cch/ros_homework/src/CannyRealTime' returned '0': AMENT_PREFIX_PATH=/home/cch/ros_homework/install/image_msg:${AMENT_PREFIX_PATH} CMAKE_PREFIX_PATH=/home/cch/ros_homework/install/image_msg LD_LIBRARY_PATH=/home/cch/ros_homework/install/image_msg/lib:${LD_LIBRARY_PATH} PYTHONPATH=/home/cch/ros_homework/build/CannyRealTime/prefix_override:/home/cch/ros_homework/install/CannyRealTime/lib/python3.10/site-packages:/home/cch/ros_homework/install/image_msg/local/lib/python3.10/dist-packages:${PYTHONPATH} /usr/bin/python3 setup.py egg_info --egg-base ../../build/CannyRealTime build --build-base /home/cch/ros_homework/build/CannyRealTime/build install --record /home/cch/ros_homework/build/CannyRealTime/install.log --single-version-externally-managed
[1.895s] Level 1:colcon.colcon_core.environment:checking '/home/cch/ros_homework/install/CannyRealTime' for CMake module files
[1.895s] Level 1:colcon.colcon_core.environment:checking '/home/cch/ros_homework/install/CannyRealTime' for CMake config files
[1.895s] Level 1:colcon.colcon_core.environment:checking '/home/cch/ros_homework/install/CannyRealTime/lib'
[1.895s] Level 1:colcon.colcon_core.environment:checking '/home/cch/ros_homework/install/CannyRealTime/bin'
[1.895s] Level 1:colcon.colcon_core.environment:checking '/home/cch/ros_homework/install/CannyRealTime/lib/pkgconfig/CannyRealTime.pc'
[1.895s] Level 1:colcon.colcon_core.environment:checking '/home/cch/ros_homework/install/CannyRealTime/lib/python3.10/site-packages'
[1.895s] Level 1:colcon.colcon_core.shell:create_environment_hook('CannyRealTime', 'pythonpath')
[1.902s] INFO:colcon.colcon_core.shell:Creating environment hook '/home/cch/ros_homework/install/CannyRealTime/share/CannyRealTime/hook/pythonpath.ps1'
[1.902s] INFO:colcon.colcon_core.shell:Creating environment descriptor '/home/cch/ros_homework/install/CannyRealTime/share/CannyRealTime/hook/pythonpath.dsv'
[1.903s] INFO:colcon.colcon_core.shell:Creating environment hook '/home/cch/ros_homework/install/CannyRealTime/share/CannyRealTime/hook/pythonpath.sh'
[1.903s] Level 1:colcon.colcon_core.environment:checking '/home/cch/ros_homework/install/CannyRealTime/bin'
[1.903s] Level 1:colcon.colcon_core.environment:create_environment_scripts_only(CannyRealTime)
[1.909s] INFO:colcon.colcon_core.shell:Creating package script '/home/cch/ros_homework/install/CannyRealTime/share/CannyRealTime/package.ps1'
[1.909s] INFO:colcon.colcon_core.shell:Creating package descriptor '/home/cch/ros_homework/install/CannyRealTime/share/CannyRealTime/package.dsv'
[1.910s] INFO:colcon.colcon_core.shell:Creating package script '/home/cch/ros_homework/install/CannyRealTime/share/CannyRealTime/package.sh'
[1.910s] INFO:colcon.colcon_core.shell:Creating package script '/home/cch/ros_homework/install/CannyRealTime/share/CannyRealTime/package.bash'
[1.910s] INFO:colcon.colcon_core.shell:Creating package script '/home/cch/ros_homework/install/CannyRealTime/share/CannyRealTime/package.zsh'
[1.910s] Level 1:colcon.colcon_core.environment:create_file_with_runtime_dependencies(/home/cch/ros_homework/install/CannyRealTime/share/colcon-core/packages/CannyRealTime)
[1.910s] DEBUG:colcon.colcon_parallel_executor.executor.parallel:closing loop
[1.911s] DEBUG:colcon.colcon_parallel_executor.executor.parallel:loop closed
[1.911s] DEBUG:colcon.colcon_parallel_executor.executor.parallel:run_until_complete finished with '0'
[1.911s] DEBUG:colcon.colcon_core.event_reactor:joining thread
[1.955s] INFO:colcon.colcon_core.plugin_system:Skipping extension 'colcon_notification.desktop_notification.notify_send': Could not find 'notify-send'
[1.955s] INFO:colcon.colcon_core.plugin_system:Skipping extension 'colcon_notification.desktop_notification.terminal_notifier': Not used on non-Darwin systems
[1.955s] INFO:colcon.colcon_core.plugin_system:Skipping extension 'colcon_notification.desktop_notification.win32': Not used on non-Windows systems
[1.955s] INFO:colcon.colcon_notification.desktop_notification:Sending desktop notification using 'notify2'
[1.956s] DEBUG:colcon.colcon_notification.desktop_notification.notify2:Failed to initialize notify2: org.freedesktop.DBus.Error.ServiceUnknown: The name org.freedesktop.Notifications was not provided by any .service files
[1.956s] DEBUG:colcon.colcon_core.event_reactor:joined thread
[1.963s] INFO:colcon.colcon_core.shell:Creating prefix script '/home/cch/ros_homework/install/local_setup.ps1'
[1.965s] INFO:colcon.colcon_core.shell:Creating prefix util module '/home/cch/ros_homework/install/_local_setup_util_ps1.py'
[1.966s] INFO:colcon.colcon_core.shell:Creating prefix chain script '/home/cch/ros_homework/install/setup.ps1'
[1.974s] INFO:colcon.colcon_core.shell:Creating prefix script '/home/cch/ros_homework/install/local_setup.sh'
[1.974s] INFO:colcon.colcon_core.shell:Creating prefix util module '/home/cch/ros_homework/install/_local_setup_util_sh.py'
[1.974s] INFO:colcon.colcon_core.shell:Creating prefix chain script '/home/cch/ros_homework/install/setup.sh'
[1.982s] INFO:colcon.colcon_core.shell:Creating prefix script '/home/cch/ros_homework/install/local_setup.bash'
[1.983s] INFO:colcon.colcon_core.shell:Creating prefix chain script '/home/cch/ros_homework/install/setup.bash'
[1.996s] INFO:colcon.colcon_core.shell:Creating prefix script '/home/cch/ros_homework/install/local_setup.zsh'
[1.996s] INFO:colcon.colcon_core.shell:Creating prefix chain script '/home/cch/ros_homework/install/setup.zsh'
